{"meta": {"format": 3, "version": "7.15.4", "timestamp": "2026-08-27T01:11:09.226171", "branch_coverage": true, "show_contexts": false}, "files": {"apps/api/evidencedesk_api/__init__.py": {"executed_lines": [], "summary": {"covered_lines": 0, "num_statements": 0, "percent_covered": 100.0, "percent_covered_display": "100", "missing_lines": 0, "excluded_lines": 0, "percent_statements_covered": 100.0, "percent_statements_covered_display": "100", "num_branches": 0, "num_partial_branches": 0, "covered_branches": 0, "missing_branches": 0, "percent_branches_covered": 100.0, "percent_branches_covered_display": "100"}, "missing_lines": [], "excluded_lines": [], "executed_branches": [], "missing_branches": [], "functions": {"": {"executed_lines": [], "summary": {"covered_lines": 0, "num_statements": 0, "percent_covered": 100.0, "percent_covered_display": "100", "missing_lines": 0, "excluded_lines": 0, "percent_statements_covered": 100.0, "percent_statements_covered_display": "100", "num_branches": 0, "num_partial_branches": 0, "covered_branches": 0, "missing_branches": 0, "percent_branches_covered": 100.0, "percent_branches_covered_display": "100"}, "missing_lines": [], "excluded_lines": [], "start_line": 1, "executed_branches": [], "missing_branches": []}}, "classes": {"": {"executed_lines": [], "summary": {"covered_lines": 0, "num_statements": 0, "percent_covered": 100.0, "percent_covered_display": "100", "missing_lines": 0, "excluded_lines": 0, "percent_statements_covered": 100.0, "percent_statements_covered_display": "100", "num_branches": 0, "num_partial_branches": 0, "covered_branches": 0, "missing_branches": 0, "percent_branches_covered": 100.0, "percent_branches_covered_display": "100"}, "missing_lines": [], "excluded_lines": [], "start_line": 1, "executed_branches": [], "missing_branches": []}}}, "apps/api/evidencedesk_api/auth.py": {"executed_lines": [1, 2, 3, 6, 7, 8, 9, 12, 13, 14, 15, 16, 17, 18, 19, 22, 23, 24, 25, 26, 29, 43, 44], "summary": {"covered_lines": 23, "num_statements": 23, "percent_covered": 100.0, "percent_covered_display": "100", "missing_lines": 0, "excluded_lines": 0, "percent_statements_covered": 100.0, "percent_statements_covered_display": "100", "num_branches": 0, "num_partial_branches": 0, "covered_branches": 0, "missing_branches": 0, "percent_branches_covered": 100.0, "percent_branches_covered_display": "100"}, "missing_lines": [], "excluded_lines": [], "executed_branches": [], "missing_branches": [], "functions": {"role_allows": {"executed_lines": [44], "summary": {"covered_lines": 1, "num_statements": 1, "percent_covered": 100.0, "percent_covered_display": "100", "missing_lines": 0, "excluded_lines": 0, "percent_statements_covered": 100.0, "percent_statements_covered_display": "100", "num_branches": 0, "num_partial_branches": 0, "covered_branches": 0, "missing_branches": 0, "percent_branches_covered": 100.0, "percent_branches_covered_display": "100"}, "missing_lines": [], "excluded_lines": [], "start_line": 43, "executed_branches": [], "missing_branches": []}, "": {"executed_lines": [1, 2, 3, 6, 7, 8, 9, 12, 13, 14, 15, 16, 17, 18, 19, 22, 23, 24, 25, 26, 29, 43], "summary": {"covered_lines": 22, "num_statements": 22, "percent_covered": 100.0, "percent_covered_display": "100", "missing_lines": 0, "excluded_lines": 0, "percent_statements_covered": 100.0, "percent_statements_covered_display": "100", "num_branches": 0, "num_partial_branches": 0, "covered_branches": 0, "missing_branches": 0, "percent_branches_covered": 100.0, "percent_branches_covered_display": "100"}, "missing_lines": [], "excluded_lines": [], "start_line": 1, "executed_branches": [], "missing_branches": []}}, "classes": {"Role": {"executed_lines": [], "summary": {"covered_lines": 0, "num_statements": 0, "percent_covered": 100.0, "percent_covered_display": "100", "missing_lines": 0, "excluded_lines": 0, "percent_statements_covered": 100.0, "percent_statements_covered_display": "100", "num_branches": 0, "num_partial_branches": 0, "covered_branches": 0, "missing_branches": 0, "percent_branches_covered": 100.0, "percent_branches_covered_display": "100"}, "missing_lines": [], "excluded_lines": [], "start_line": 6, "executed_branches": [], "missing_branches": []}, "Action": {"executed_lines": [], "summary": {"covered_lines": 0, "num_statements": 0, "percent_covered": 100.0, "percent_covered_display": "100", "missing_lines": 0, "excluded_lines": 0, "percent_statements_covered": 100.0, "percent_statements_covered_display": "100", "num_branches": 0, "num_partial_branches": 0, "covered_branches": 0, "missing_branches": 0, "percent_branches_covered": 100.0, "percent_branches_covered_display": "100"}, "missing_lines": [], "excluded_lines": [], "start_line": 12, "executed_branches": [], "missing_branches": []}, "UserPrincipal": {"executed_lines": [], "summary": {"covered_lines": 0, "num_statements": 0, "percent_covered": 100.0, "percent_covered_display": "100", "missing_lines": 0, "excluded_lines": 0, "percent_statements_covered": 100.0, "percent_statements_covered_display": "100", "num_branches": 0, "num_partial_branches": 0, "covered_branches": 0, "missing_branches": 0, "percent_branches_covered": 100.0, "percent_branches_covered_display": "100"}, "missing_lines": [], "excluded_lines": [], "start_line": 23, "executed_branches": [], "missing_branches": []}, "": {"executed_lines": [1, 2, 3, 6, 7, 8, 9, 12, 13, 14, 15, 16, 17, 18, 19, 22, 23, 24, 25, 26, 29, 43, 44], "summary": {"covered_lines": 23, "num_statements": 23, "percent_covered": 100.0, "percent_covered_display": "100", "missing_lines": 0, "excluded_lines": 0, "percent_statements_covered": 100.0, "percent_statements_covered_display": "100", "num_branches": 0, "num_partial_branches": 0, "covered_branches": 0, "missing_branches": 0, "percent_branches_covered": 100.0, "percent_branches_covered_display": "100"}, "missing_lines": [], "excluded_lines": [], "start_line": 1, "executed_branches": [], "missing_branches": []}}}, "apps/api/evidencedesk_api/config.py": {"executed_lines": [1, 2, 4, 5, 8, 9, 11, 12, 15, 16, 17, 18, 19, 20, 21, 22, 23, 24, 25, 26, 31, 32, 33, 36, 37, 38, 39, 40, 41, 42, 45, 46], "summary": {"covered_lines": 32, "num_statements": 33, "percent_covered": 96.96969696969697, "percent_covered_display": "97", "missing_lines": 1, "excluded_lines": 0, "percent_statements_covered": 96.96969696969697, "percent_statements_covered_display": "97", "num_branches": 0, "num_partial_branches": 0, "covered_branches": 0, "missing_branches": 0, "percent_branches_covered": 100.0, "percent_branches_covered_display": "100"}, "missing_lines": [47], "excluded_lines": [], "executed_branches": [], "missing_branches": [], "functions": {"get_settings": {"executed_lines": [], "summary": {"covered_lines": 0, "num_statements": 1, "percent_covered": 0.0, "percent_covered_display": "0", "missing_lines": 1, "excluded_lines": 0, "percent_statements_covered": 0.0, "percent_statements_covered_display": "0", "num_branches": 0, "num_partial_branches": 0, "covered_branches": 0, "missing_branches": 0, "percent_branches_covered": 100.0, "percent_branches_covered_display": "100"}, "missing_lines": [47], "excluded_lines": [], "start_line": 46, "executed_branches": [], "missing_branches": []}, "": {"executed_lines": [1, 2, 4, 5, 8, 9, 11, 12, 15, 16, 17, 18, 19, 20, 21, 22, 23, 24, 25, 26, 31, 32, 33, 36, 37, 38, 39, 40, 41, 42, 45, 46], "summary": {"covered_lines": 32, "num_statements": 32, "percent_covered": 100.0, "percent_covered_display": "100", "missing_lines": 0, "excluded_lines": 0, "percent_statements_covered": 100.0, "percent_statements_covered_display": "100", "num_branches": 0, "num_partial_branches": 0, "covered_branches": 0, "missing_branches": 0, "percent_branches_covered": 100.0, "percent_branches_covered_display": "100"}, "missing_lines": [], "excluded_lines": [], "start_line": 1, "executed_branches": [], "missing_branches": []}}, "classes": {"Settings": {"executed_lines": [], "summary": {"covered_lines": 0, "num_statements": 0, "percent_covered": 100.0, "percent_covered_display": "100", "missing_lines": 0, "excluded_lines": 0, "percent_statements_covered": 100.0, "percent_statements_covered_display": "100", "num_branches": 0, "num_partial_branches": 0, "covered_branches": 0, "missing_branches": 0, "percent_branches_covered": 100.0, "percent_branches_covered_display": "100"}, "missing_lines": [], "excluded_lines": [], "start_line": 8, "executed_branches": [], "missing_branches": []}, "": {"executed_lines": [1, 2, 4, 5, 8, 9, 11, 12, 15, 16, 17, 18, 19, 20, 21, 22, 23, 24, 25, 26, 31, 32, 33, 36, 37, 38, 39, 40, 41, 42, 45, 46], "summary": {"covered_lines": 32, "num_statements": 33, "percent_covered": 96.96969696969697, "percent_covered_display": "97", "missing_lines": 1, "excluded_lines": 0, "percent_statements_covered": 96.96969696969697, "percent_statements_covered_display": "97", "num_branches": 0, "num_partial_branches": 0, "covered_branches": 0, "missing_branches": 0, "percent_branches_covered": 100.0, "percent_branches_covered_display": "100"}, "missing_lines": [47], "excluded_lines": [], "start_line": 1, "executed_branches": [], "missing_branches": []}}}, "apps/api/evidencedesk_api/db.py": {"executed_lines": [1, 3, 4, 11, 14, 15, 18, 19, 22, 23, 24, 25], "summary": {"covered_lines": 12, "num_statements": 12, "percent_covered": 100.0, "percent_covered_display": "100", "missing_lines": 0, "excluded_lines": 0, "percent_statements_covered": 100.0, "percent_statements_covered_display": "100", "num_branches": 0, "num_partial_branches": 0, "covered_branches": 0, "missing_branches": 0, "percent_branches_covered": 100.0, "percent_branches_covered_display": "100"}, "missing_lines": [], "excluded_lines": [], "executed_branches": [], "missing_branches": [], "functions": {"build_engine": {"executed_lines": [15], "summary": {"covered_lines": 1, "num_statements": 1, "percent_covered": 100.0, "percent_covered_display": "100", "missing_lines": 0, "excluded_lines": 0, "percent_statements_covered": 100.0, "percent_statements_covered_display": "100", "num_branches": 0, "num_partial_branches": 0, "covered_branches": 0, "missing_branches": 0, "percent_branches_covered": 100.0, "percent_branches_covered_display": "100"}, "missing_lines": [], "excluded_lines": [], "start_line": 14, "executed_branches": [], "missing_branches": []}, "build_session_factory": {"executed_lines": [19], "summary": {"covered_lines": 1, "num_statements": 1, "percent_covered": 100.0, "percent_covered_display": "100", "missing_lines": 0, "excluded_lines": 0, "percent_statements_covered": 100.0, "percent_statements_covered_display": "100", "num_branches": 0, "num_partial_branches": 0, "covered_branches": 0, "missing_branches": 0, "percent_branches_covered": 100.0, "percent_branches_covered_display": "100"}, "missing_lines": [], "excluded_lines": [], "start_line": 18, "executed_branches": [], "missing_branches": []}, "get_session": {"executed_lines": [23, 24, 25], "summary": {"covered_lines": 3, "num_statements": 3, "percent_covered": 100.0, "percent_covered_display": "100", "missing_lines": 0, "excluded_lines": 0, "percent_statements_covered": 100.0, "percent_statements_covered_display": "100", "num_branches": 0, "num_partial_branches": 0, "covered_branches": 0, "missing_branches": 0, "percent_branches_covered": 100.0, "percent_branches_covered_display": "100"}, "missing_lines": [], "excluded_lines": [], "start_line": 22, "executed_branches": [], "missing_branches": []}, "": {"executed_lines": [1, 3, 4, 11, 14, 18, 22], "summary": {"covered_lines": 7, "num_statements": 7, "percent_covered": 100.0, "percent_covered_display": "100", "missing_lines": 0, "excluded_lines": 0, "percent_statements_covered": 100.0, "percent_statements_covered_display": "100", "num_branches": 0, "num_partial_branches": 0, "covered_branches": 0, "missing_branches": 0, "percent_branches_covered": 100.0, "percent_branches_covered_display": "100"}, "missing_lines": [], "excluded_lines": [], "start_line": 1, "executed_branches": [], "missing_branches": []}}, "classes": {"": {"executed_lines": [1, 3, 4, 11, 14, 15, 18, 19, 22, 23, 24, 25], "summary": {"covered_lines": 12, "num_statements": 12, "percent_covered": 100.0, "percent_covered_display": "100", "missing_lines": 0, "excluded_lines": 0, "percent_statements_covered": 100.0, "percent_statements_covered_display": "100", "num_branches": 0, "num_partial_branches": 0, "covered_branches": 0, "missing_branches": 0, "percent_branches_covered": 100.0, "percent_branches_covered_display": "100"}, "missing_lines": [], "excluded_lines": [], "start_line": 1, "executed_branches": [], "missing_branches": []}}}, "apps/api/evidencedesk_api/extraction.py": {"executed_lines": [1, 2, 3, 5, 8, 9, 10, 11, 14, 15, 16, 17, 18, 19, 20, 21, 22, 23, 25, 26, 38, 39, 49, 54, 60, 66, 67, 72, 79, 80, 88, 89, 90, 91, 94, 97, 98, 99, 100, 101, 104, 110, 111, 112, 113, 114, 115, 116, 117, 118, 119, 120, 121, 124, 127, 128, 129, 132, 133, 134, 147, 148, 149, 150, 151, 152, 153, 155, 166, 167, 168, 169, 170, 171, 172, 173, 174, 175, 177, 192, 200, 201, 202, 203, 204, 205, 207, 208, 209, 210, 211, 212, 213, 220, 221, 222, 233, 234, 235, 236, 237, 239, 240, 241, 242, 243, 244, 249, 250, 252, 253, 254, 255, 256, 257, 259, 260, 262], "summary": {"covered_lines": 118, "num_statements": 118, "percent_covered": 98.78048780487805, "percent_covered_display": "99", "missing_lines": 0, "excluded_lines": 0, "percent_statements_covered": 100.0, "percent_statements_covered_display": "100", "num_branches": 46, "num_partial_branches": 2, "covered_branches": 44, "missing_branches": 2, "percent_branches_covered": 95.65217391304348, "percent_branches_covered_display": "96"}, "missing_lines": [], "excluded_lines": [], "executed_branches": [[97, 98], [97, 101], [99, 97], [99, 100], [112, 113], [112, 121], [115, 116], [115, 117], [118, 119], [127, 128], [147, 148], [147, 155], [148, 149], [148, 155], [150, 148], [150, 151], [166, 167], [166, 177], [167, 168], [167, 177], [168, 169], [168, 174], [170, 168], [170, 171], [174, 167], [174, 175], [202, 203], [202, 207], [203, 202], [203, 204], [209, 210], [209, 220], [212, 209], [212, 213], [233, 234], [233, 239], [235, 233], [235, 236], [241, 242], [241, 252], [249, 241], [249, 250], [253, 254], [253, 259]], "missing_branches": [[118, 112], [127, -124]], "functions": {"SupplierExtraction.as_mapping": {"executed_lines": [26], "summary": {"covered_lines": 1, "num_statements": 1, "percent_covered": 100.0, "percent_covered_display": "100", "missing_lines": 0, "excluded_lines": 0, "percent_statements_covered": 100.0, "percent_statements_covered_display": "100", "num_branches": 0, "num_partial_branches": 0, "covered_branches": 0, "missing_branches": 0, "percent_branches_covered": 100.0, "percent_branches_covered_display": "100"}, "missing_lines": [], "excluded_lines": [], "start_line": 25, "executed_branches": [], "missing_branches": []}, "_citation": {"executed_lines": [39], "summary": {"covered_lines": 1, "num_statements": 1, "percent_covered": 100.0, "percent_covered_display": "100", "missing_lines": 0, "excluded_lines": 0, "percent_statements_covered": 100.0, "percent_statements_covered_display": "100", "num_branches": 0, "num_partial_branches": 0, "covered_branches": 0, "missing_branches": 0, "percent_branches_covered": 100.0, "percent_branches_covered_display": "100"}, "missing_lines": [], "excluded_lines": [], "start_line": 38, "executed_branches": [], "missing_branches": []}, "_line_entries": {"executed_lines": [80], "summary": {"covered_lines": 1, "num_statements": 1, "percent_covered": 100.0, "percent_covered_display": "100", "missing_lines": 0, "excluded_lines": 0, "percent_statements_covered": 100.0, "percent_statements_covered_display": "100", "num_branches": 0, "num_partial_branches": 0, "covered_branches": 0, "missing_branches": 0, "percent_branches_covered": 100.0, "percent_branches_covered_display": "100"}, "missing_lines": [], "excluded_lines": [], "start_line": 79, "executed_branches": [], "missing_branches": []}, "_label_match": {"executed_lines": [89, 90, 91], "summary": {"covered_lines": 3, "num_statements": 3, "percent_covered": 100.0, "percent_covered_display": "100", "missing_lines": 0, "excluded_lines": 0, "percent_statements_covered": 100.0, "percent_statements_covered_display": "100", "num_branches": 0, "num_partial_branches": 0, "covered_branches": 0, "missing_branches": 0, "percent_branches_covered": 100.0, "percent_branches_covered_display": "100"}, "missing_lines": [], "excluded_lines": [], "start_line": 88, "executed_branches": [], "missing_branches": []}, "_first_label_value": {"executed_lines": [97, 98, 99, 100, 101], "summary": {"covered_lines": 5, "num_statements": 5, "percent_covered": 100.0, "percent_covered_display": "100", "missing_lines": 0, "excluded_lines": 0, "percent_statements_covered": 100.0, "percent_statements_covered_display": "100", "num_branches": 4, "num_partial_branches": 0, "covered_branches": 4, "missing_branches": 0, "percent_branches_covered": 100.0, "percent_branches_covered_display": "100"}, "missing_lines": [], "excluded_lines": [], "start_line": 94, "executed_branches": [[97, 98], [97, 101], [99, 97], [99, 100]], "missing_branches": []}, "_date_from_entries": {"executed_lines": [110, 111, 112, 113, 114, 115, 116, 117, 118, 119, 120, 121], "summary": {"covered_lines": 12, "num_statements": 12, "percent_covered": 94.44444444444444, "percent_covered_display": "94", "missing_lines": 0, "excluded_lines": 0, "percent_statements_covered": 100.0, "percent_statements_covered_display": "100", "num_branches": 6, "num_partial_branches": 1, "covered_branches": 5, "missing_branches": 1, "percent_branches_covered": 83.33333333333333, "percent_branches_covered_display": "83"}, "missing_lines": [], "excluded_lines": [], "start_line": 104, "executed_branches": [[112, 113], [112, 121], [115, 116], [115, 117], [118, 119]], "missing_branches": [[118, 112]]}, "_append_unique": {"executed_lines": [127, 128, 129], "summary": {"covered_lines": 3, "num_statements": 3, "percent_covered": 80.0, "percent_covered_display": "80", "missing_lines": 0, "excluded_lines": 0, "percent_statements_covered": 100.0, "percent_statements_covered_display": "100", "num_branches": 2, "num_partial_branches": 1, "covered_branches": 1, "missing_branches": 1, "percent_branches_covered": 50.0, "percent_branches_covered_display": "50"}, "missing_lines": [], "excluded_lines": [], "start_line": 124, "executed_branches": [[127, 128]], "missing_branches": [[127, -124]]}, "extract_supplier_fields": {"executed_lines": [133, 134, 147, 148, 149, 150, 151, 152, 153, 155, 166, 167, 168, 169, 170, 171, 172, 173, 174, 175, 177, 192, 200, 201, 202, 203, 204, 205, 207, 208, 209, 210, 211, 212, 213, 220, 221, 222, 233, 234, 235, 236, 237, 239, 240, 241, 242, 243, 244, 249, 250, 252, 253, 254, 255, 256, 257, 259, 260, 262], "summary": {"covered_lines": 60, "num_statements": 60, "percent_covered": 100.0, "percent_covered_display": "100", "missing_lines": 0, "excluded_lines": 0, "percent_statements_covered": 100.0, "percent_statements_covered_display": "100", "num_branches": 34, "num_partial_branches": 0, "covered_branches": 34, "missing_branches": 0, "percent_branches_covered": 100.0, "percent_branches_covered_display": "100"}, "missing_lines": [], "excluded_lines": [], "start_line": 132, "executed_branches": [[147, 148], [147, 155], [148, 149], [148, 155], [150, 148], [150, 151], [166, 167], [166, 177], [167, 168], [167, 177], [168, 169], [168, 174], [170, 168], [170, 171], [174, 167], [174, 175], [202, 203], [202, 207], [203, 202], [203, 204], [209, 210], [209, 220], [212, 209], [212, 213], [233, 234], [233, 239], [235, 233], [235, 236], [241, 242], [241, 252], [249, 241], [249, 250], [253, 254], [253, 259]], "missing_branches": []}, "": {"executed_lines": [1, 2, 3, 5, 8, 9, 10, 11, 14, 15, 16, 17, 18, 19, 20, 21, 22, 23, 25, 38, 49, 54, 60, 66, 67, 72, 79, 88, 94, 104, 124, 132], "summary": {"covered_lines": 32, "num_statements": 32, "percent_covered": 100.0, "percent_covered_display": "100", "missing_lines": 0, "excluded_lines": 0, "percent_statements_covered": 100.0, "percent_statements_covered_display": "100", "num_branches": 0, "num_partial_branches": 0, "covered_branches": 0, "missing_branches": 0, "percent_branches_covered": 100.0, "percent_branches_covered_display": "100"}, "missing_lines": [], "excluded_lines": [], "start_line": 1, "executed_branches": [], "missing_branches": []}}, "classes": {"EvidenceValue": {"executed_lines": [], "summary": {"covered_lines": 0, "num_statements": 0, "percent_covered": 100.0, "percent_covered_display": "100", "missing_lines": 0, "excluded_lines": 0, "percent_statements_covered": 100.0, "percent_statements_covered_display": "100", "num_branches": 0, "num_partial_branches": 0, "covered_branches": 0, "missing_branches": 0, "percent_branches_covered": 100.0, "percent_branches_covered_display": "100"}, "missing_lines": [], "excluded_lines": [], "start_line": 9, "executed_branches": [], "missing_branches": []}, "SupplierExtraction": {"executed_lines": [26], "summary": {"covered_lines": 1, "num_statements": 1, "percent_covered": 100.0, "percent_covered_display": "100", "missing_lines": 0, "excluded_lines": 0, "percent_statements_covered": 100.0, "percent_statements_covered_display": "100", "num_branches": 0, "num_partial_branches": 0, "covered_branches": 0, "missing_branches": 0, "percent_branches_covered": 100.0, "percent_branches_covered_display": "100"}, "missing_lines": [], "excluded_lines": [], "start_line": 15, "executed_branches": [], "missing_branches": []}, "": {"executed_lines": [1, 2, 3, 5, 8, 9, 10, 11, 14, 15, 16, 17, 18, 19, 20, 21, 22, 23, 25, 38, 39, 49, 54, 60, 66, 67, 72, 79, 80, 88, 89, 90, 91, 94, 97, 98, 99, 100, 101, 104, 110, 111, 112, 113, 114, 115, 116, 117, 118, 119, 120, 121, 124, 127, 128, 129, 132, 133, 134, 147, 148, 149, 150, 151, 152, 153, 155, 166, 167, 168, 169, 170, 171, 172, 173, 174, 175, 177, 192, 200, 201, 202, 203, 204, 205, 207, 208, 209, 210, 211, 212, 213, 220, 221, 222, 233, 234, 235, 236, 237, 239, 240, 241, 242, 243, 244, 249, 250, 252, 253, 254, 255, 256, 257, 259, 260, 262], "summary": {"covered_lines": 117, "num_statements": 117, "percent_covered": 98.77300613496932, "percent_covered_display": "99", "missing_lines": 0, "excluded_lines": 0, "percent_statements_covered": 100.0, "percent_statements_covered_display": "100", "num_branches": 46, "num_partial_branches": 2, "covered_branches": 44, "missing_branches": 2, "percent_branches_covered": 95.65217391304348, "percent_branches_covered_display": "96"}, "missing_lines": [], "excluded_lines": [], "start_line": 1, "executed_branches": [[97, 98], [97, 101], [99, 97], [99, 100], [112, 113], [112, 121], [115, 116], [115, 117], [118, 119], [127, 128], [147, 148], [147, 155], [148, 149], [148, 155], [150, 148], [150, 151], [166, 167], [166, 177], [167, 168], [167, 177], [168, 169], [168, 174], [170, 168], [170, 171], [174, 167], [174, 175], [202, 203], [202, 207], [203, 202], [203, 204], [209, 210], [209, 220], [212, 209], [212, 213], [233, 234], [233, 239], [235, 233], [235, 236], [241, 242], [241, 252], [249, 241], [249, 250], [253, 254], [253, 259]], "missing_branches": [[118, 112], [127, -124]]}}}, "apps/api/evidencedesk_api/main.py": {"executed_lines": [1, 2, 3, 4, 5, 6, 8, 9, 10, 21, 22, 23, 24, 25, 26, 27, 29, 30, 31, 32, 33, 45, 52, 53, 54, 55, 56, 70, 71, 72, 74, 77, 78, 79, 82, 92, 104, 109, 110, 111, 112, 117, 123, 124, 129, 130, 131, 139, 142, 145, 146, 149, 150, 151, 153, 158, 159, 161, 162, 163, 164, 165, 166, 167, 168, 169, 174, 175, 176, 178, 179, 181, 182, 186, 188, 189, 192, 193, 194, 197, 198, 199, 200, 201, 202, 203, 204, 205, 206, 214, 216, 217, 218, 220, 221, 222, 223, 224, 225, 226, 227, 228, 229, 232, 234, 235, 240, 254, 266, 273, 274, 275, 277, 278, 282, 285, 286, 291, 303, 304, 312, 313, 314, 315, 336, 344, 355, 394, 431, 438, 439, 445, 450, 457, 458, 473, 476, 477, 482, 490, 491, 497, 500, 516, 519, 520, 527, 537, 550, 591, 601, 605, 611, 634, 645, 646, 650, 657, 658, 662, 669, 670, 676, 684, 697, 705, 706, 720, 721, 724, 725, 729, 739, 749], "summary": {"covered_lines": 174, "num_statements": 285, "percent_covered": 55.96330275229358, "percent_covered_display": "56", "missing_lines": 111, "excluded_lines": 0, "percent_statements_covered": 61.05263157894737, "percent_statements_covered_display": "61", "num_branches": 42, "num_partial_branches": 7, "covered_branches": 9, "missing_branches": 33, "percent_branches_covered": 21.428571428571427, "percent_branches_covered_display": "21"}, "missing_lines": [115, 116, 118, 119, 120, 140, 152, 195, 196, 241, 242, 247, 255, 256, 257, 258, 259, 267, 283, 292, 293, 301, 316, 317, 318, 319, 325, 326, 327, 331, 343, 347, 356, 357, 359, 360, 361, 362, 363, 364, 376, 383, 384, 393, 395, 396, 397, 398, 405, 406, 407, 410, 415, 416, 417, 418, 419, 420, 421, 422, 423, 432, 433, 453, 454, 455, 456, 459, 460, 461, 462, 463, 464, 465, 474, 483, 484, 485, 488, 498, 499, 507, 517, 528, 529, 530, 531, 532, 549, 561, 562, 563, 573, 574, 575, 576, 577, 578, 592, 623, 624, 633, 635, 655, 667, 707, 722, 736, 737, 738, 742], "excluded_lines": [], "executed_branches": [[109, 110], [109, 111], [129, 130], [129, 131], [151, 153], [226, 227], [226, 232], [313, 314], [313, 315]], "missing_branches": [[118, 119], [118, 120], [151, 152], [242, 247], [242, 256], [291, 292], [291, 293], [315, 316], [315, 317], [327, 331], [327, 336], [343, 344], [343, 359], [405, 406], [405, 407], [453, 454], [453, 455], [459, 460], [459, 463], [483, 484], [483, 485], [498, 499], [498, 500], [527, 528], [527, 529], [562, 563], [562, 573], [623, 624], [623, 633], [633, 634], [633, 635], [737, 738], [737, 739]], "functions": {"_correlation_id": {"executed_lines": [78, 79], "summary": {"covered_lines": 2, "num_statements": 2, "percent_covered": 100.0, "percent_covered_display": "100", "missing_lines": 0, "excluded_lines": 0, "percent_statements_covered": 100.0, "percent_statements_covered_display": "100", "num_branches": 0, "num_partial_branches": 0, "covered_branches": 0, "missing_branches": 0, "percent_branches_covered": 100.0, "percent_branches_covered_display": "100"}, "missing_lines": [], "excluded_lines": [], "start_line": 77, "executed_branches": [], "missing_branches": []}, "_audit": {"executed_lines": [92], "summary": {"covered_lines": 1, "num_statements": 1, "percent_covered": 100.0, "percent_covered_display": "100", "missing_lines": 0, "excluded_lines": 0, "percent_statements_covered": 100.0, "percent_statements_covered_display": "100", "num_branches": 0, "num_partial_branches": 0, "covered_branches": 0, "missing_branches": 0, "percent_branches_covered": 100.0, "percent_branches_covered_display": "100"}, "missing_lines": [], "excluded_lines": [], "start_line": 82, "executed_branches": [], "missing_branches": []}, "current_user": {"executed_lines": [109, 110, 111, 112, 117], "summary": {"covered_lines": 5, "num_statements": 10, "percent_covered": 50.0, "percent_covered_display": "50", "missing_lines": 5, "excluded_lines": 0, "percent_statements_covered": 50.0, "percent_statements_covered_display": "50", "num_branches": 4, "num_partial_branches": 0, "covered_branches": 2, "missing_branches": 2, "percent_branches_covered": 50.0, "percent_branches_covered_display": "50"}, "missing_lines": [115, 116, 118, 119, 120], "excluded_lines": [], "start_line": 104, "executed_branches": [[109, 110], [109, 111]], "missing_branches": [[118, 119], [118, 120]]}, "require_action": {"executed_lines": [124, 142], "summary": {"covered_lines": 2, "num_statements": 2, "percent_covered": 100.0, "percent_covered_display": "100", "missing_lines": 0, "excluded_lines": 0, "percent_statements_covered": 100.0, "percent_statements_covered_display": "100", "num_branches": 0, "num_partial_branches": 0, "covered_branches": 0, "missing_branches": 0, "percent_branches_covered": 100.0, "percent_branches_covered_display": "100"}, "missing_lines": [], "excluded_lines": [], "start_line": 123, "executed_branches": [], "missing_branches": []}, "require_action.dependency": {"executed_lines": [129, 130, 131, 139], "summary": {"covered_lines": 4, "num_statements": 5, "percent_covered": 85.71428571428571, "percent_covered_display": "86", "missing_lines": 1, "excluded_lines": 0, "percent_statements_covered": 80.0, "percent_statements_covered_display": "80", "num_branches": 2, "num_partial_branches": 0, "covered_branches": 2, "missing_branches": 0, "percent_branches_covered": 100.0, "percent_branches_covered_display": "100"}, "missing_lines": [140], "excluded_lines": [], "start_line": 124, "executed_branches": [[129, 130], [129, 131]], "missing_branches": []}, "_document_view": {"executed_lines": [146], "summary": {"covered_lines": 1, "num_statements": 1, "percent_covered": 100.0, "percent_covered_display": "100", "missing_lines": 0, "excluded_lines": 0, "percent_statements_covered": 100.0, "percent_statements_covered_display": "100", "num_branches": 0, "num_partial_branches": 0, "covered_branches": 0, "missing_branches": 0, "percent_branches_covered": 100.0, "percent_branches_covered_display": "100"}, "missing_lines": [], "excluded_lines": [], "start_line": 145, "executed_branches": [], "missing_branches": []}, "create_app": {"executed_lines": [150, 151, 153, 158, 159, 161, 162, 181, 182, 186, 188, 189, 216, 217, 220, 221, 234, 235, 273, 274, 277, 278, 285, 286, 303, 304, 438, 439, 476, 477, 490, 491, 519, 520, 601, 605, 645, 646, 657, 658, 669, 670, 724, 725, 749], "summary": {"covered_lines": 45, "num_statements": 46, "percent_covered": 95.83333333333333, "percent_covered_display": "96", "missing_lines": 1, "excluded_lines": 0, "percent_statements_covered": 97.82608695652173, "percent_statements_covered_display": "98", "num_branches": 2, "num_partial_branches": 1, "covered_branches": 1, "missing_branches": 1, "percent_branches_covered": 50.0, "percent_branches_covered_display": "50"}, "missing_lines": [152], "excluded_lines": [], "start_line": 149, "executed_branches": [[151, 153]], "missing_branches": [[151, 152]]}, "create_app.lifespan": {"executed_lines": [163, 164, 165, 166, 167, 168, 169, 174, 175, 176, 178, 179], "summary": {"covered_lines": 12, "num_statements": 12, "percent_covered": 100.0, "percent_covered_display": "100", "missing_lines": 0, "excluded_lines": 0, "percent_statements_covered": 100.0, "percent_statements_covered_display": "100", "num_branches": 0, "num_partial_branches": 0, "covered_branches": 0, "missing_branches": 0, "percent_branches_covered": 100.0, "percent_branches_covered_display": "100"}, "missing_lines": [], "excluded_lines": [], "start_line": 162, "executed_branches": [], "missing_branches": []}, "create_app.correlation_middleware": {"executed_lines": [192, 193, 194, 197, 198, 199, 200, 201, 202, 203, 204, 205, 206, 214], "summary": {"covered_lines": 14, "num_statements": 16, "percent_covered": 87.5, "percent_covered_display": "88", "missing_lines": 2, "excluded_lines": 0, "percent_statements_covered": 87.5, "percent_statements_covered_display": "88", "num_branches": 0, "num_partial_branches": 0, "covered_branches": 0, "missing_branches": 0, "percent_branches_covered": 100.0, "percent_branches_covered_display": "100"}, "missing_lines": [195, 196], "excluded_lines": [], "start_line": 189, "executed_branches": [], "missing_branches": []}, "create_app.health": {"executed_lines": [218], "summary": {"covered_lines": 1, "num_statements": 1, "percent_covered": 100.0, "percent_covered_display": "100", "missing_lines": 0, "excluded_lines": 0, "percent_statements_covered": 100.0, "percent_statements_covered_display": "100", "num_branches": 0, "num_partial_branches": 0, "covered_branches": 0, "missing_branches": 0, "percent_branches_covered": 100.0, "percent_branches_covered_display": "100"}, "missing_lines": [], "excluded_lines": [], "start_line": 217, "executed_branches": [], "missing_branches": []}, "create_app.ready": {"executed_lines": [222, 223, 224, 225, 226, 227, 228, 229, 232], "summary": {"covered_lines": 9, "num_statements": 9, "percent_covered": 100.0, "percent_covered_display": "100", "missing_lines": 0, "excluded_lines": 0, "percent_statements_covered": 100.0, "percent_statements_covered_display": "100", "num_branches": 2, "num_partial_branches": 0, "covered_branches": 2, "missing_branches": 0, "percent_branches_covered": 100.0, "percent_branches_covered_display": "100"}, "missing_lines": [], "excluded_lines": [], "start_line": 221, "executed_branches": [[226, 227], [226, 232]], "missing_branches": []}, "create_app.login": {"executed_lines": [240, 254, 266], "summary": {"covered_lines": 3, "num_statements": 12, "percent_covered": 21.428571428571427, "percent_covered_display": "21", "missing_lines": 9, "excluded_lines": 0, "percent_statements_covered": 25.0, "percent_statements_covered_display": "25", "num_branches": 2, "num_partial_branches": 0, "covered_branches": 0, "missing_branches": 2, "percent_branches_covered": 0.0, "percent_branches_covered_display": "0"}, "missing_lines": [241, 242, 247, 255, 256, 257, 258, 259, 267], "excluded_lines": [], "start_line": 235, "executed_branches": [], "missing_branches": [[242, 247], [242, 256]]}, "create_app.me": {"executed_lines": [275], "summary": {"covered_lines": 1, "num_statements": 1, "percent_covered": 100.0, "percent_covered_display": "100", "missing_lines": 0, "excluded_lines": 0, "percent_statements_covered": 100.0, "percent_statements_covered_display": "100", "num_branches": 0, "num_partial_branches": 0, "covered_branches": 0, "missing_branches": 0, "percent_branches_covered": 100.0, "percent_branches_covered_display": "100"}, "missing_lines": [], "excluded_lines": [], "start_line": 274, "executed_branches": [], "missing_branches": []}, "create_app.list_dossiers": {"executed_lines": [282], "summary": {"covered_lines": 1, "num_statements": 2, "percent_covered": 50.0, "percent_covered_display": "50", "missing_lines": 1, "excluded_lines": 0, "percent_statements_covered": 50.0, "percent_statements_covered_display": "50", "num_branches": 0, "num_partial_branches": 0, "covered_branches": 0, "missing_branches": 0, "percent_branches_covered": 100.0, "percent_branches_covered_display": "100"}, "missing_lines": [283], "excluded_lines": [], "start_line": 278, "executed_branches": [], "missing_branches": []}, "create_app.list_documents": {"executed_lines": [291], "summary": {"covered_lines": 1, "num_statements": 4, "percent_covered": 16.666666666666668, "percent_covered_display": "17", "missing_lines": 3, "excluded_lines": 0, "percent_statements_covered": 25.0, "percent_statements_covered_display": "25", "num_branches": 2, "num_partial_branches": 2, "covered_branches": 0, "missing_branches": 2, "percent_branches_covered": 0.0, "percent_branches_covered_display": "0"}, "missing_lines": [292, 293, 301], "excluded_lines": [], "start_line": 286, "executed_branches": [], "missing_branches": [[291, 292], [291, 293]]}, "create_app.upload_document": {"executed_lines": [312, 313, 314, 315, 336, 344, 355, 394, 431], "summary": {"covered_lines": 9, "num_statements": 50, "percent_covered": 18.333333333333332, "percent_covered_display": "18", "missing_lines": 41, "excluded_lines": 0, "percent_statements_covered": 18.0, "percent_statements_covered_display": "18", "num_branches": 10, "num_partial_branches": 2, "covered_branches": 2, "missing_branches": 8, "percent_branches_covered": 20.0, "percent_branches_covered_display": "20"}, "missing_lines": [316, 317, 318, 319, 325, 326, 327, 331, 343, 347, 356, 357, 359, 360, 361, 362, 363, 364, 376, 383, 384, 393, 395, 396, 397, 398, 405, 406, 407, 410, 415, 416, 417, 418, 419, 420, 421, 422, 423, 432, 433], "excluded_lines": [], "start_line": 304, "executed_branches": [[313, 314], [313, 315]], "missing_branches": [[315, 316], [315, 317], [327, 331], [327, 336], [343, 344], [343, 359], [405, 406], [405, 407]]}, "create_app.delete_document": {"executed_lines": [445, 450, 457, 458, 473], "summary": {"covered_lines": 5, "num_statements": 17, "percent_covered": 23.80952380952381, "percent_covered_display": "24", "missing_lines": 12, "excluded_lines": 0, "percent_statements_covered": 29.41176470588235, "percent_statements_covered_display": "29", "num_branches": 4, "num_partial_branches": 0, "covered_branches": 0, "missing_branches": 4, "percent_branches_covered": 0.0, "percent_branches_covered_display": "0"}, "missing_lines": [453, 454, 455, 456, 459, 460, 461, 462, 463, 464, 465, 474], "excluded_lines": [], "start_line": 439, "executed_branches": [], "missing_branches": [[453, 454], [453, 455], [459, 460], [459, 463]]}, "create_app.get_document": {"executed_lines": [482], "summary": {"covered_lines": 1, "num_statements": 5, "percent_covered": 14.285714285714286, "percent_covered_display": "14", "missing_lines": 4, "excluded_lines": 0, "percent_statements_covered": 20.0, "percent_statements_covered_display": "20", "num_branches": 2, "num_partial_branches": 0, "covered_branches": 0, "missing_branches": 2, "percent_branches_covered": 0.0, "percent_branches_covered_display": "0"}, "missing_lines": [483, 484, 485, 488], "excluded_lines": [], "start_line": 477, "executed_branches": [], "missing_branches": [[483, 484], [483, 485]]}, "create_app.get_document_content": {"executed_lines": [497, 500, 516], "summary": {"covered_lines": 3, "num_statements": 7, "percent_covered": 33.333333333333336, "percent_covered_display": "33", "missing_lines": 4, "excluded_lines": 0, "percent_statements_covered": 42.857142857142854, "percent_statements_covered_display": "43", "num_branches": 2, "num_partial_branches": 0, "covered_branches": 0, "missing_branches": 2, "percent_branches_covered": 0.0, "percent_branches_covered_display": "0"}, "missing_lines": [498, 499, 507, 517], "excluded_lines": [], "start_line": 491, "executed_branches": [], "missing_branches": [[498, 499], [498, 500]]}, "create_app.ask_dossier": {"executed_lines": [527, 537, 550, 591], "summary": {"covered_lines": 4, "num_statements": 20, "percent_covered": 16.666666666666668, "percent_covered_display": "17", "missing_lines": 16, "excluded_lines": 0, "percent_statements_covered": 20.0, "percent_statements_covered_display": "20", "num_branches": 4, "num_partial_branches": 2, "covered_branches": 0, "missing_branches": 4, "percent_branches_covered": 0.0, "percent_branches_covered_display": "0"}, "missing_lines": [528, 529, 530, 531, 532, 549, 561, 562, 563, 573, 574, 575, 576, 577, 578, 592], "excluded_lines": [], "start_line": 520, "executed_branches": [], "missing_branches": [[527, 528], [527, 529], [562, 563], [562, 573]]}, "create_app.get_dossier_extraction": {"executed_lines": [611, 634], "summary": {"covered_lines": 2, "num_statements": 6, "percent_covered": 20.0, "percent_covered_display": "20", "missing_lines": 4, "excluded_lines": 0, "percent_statements_covered": 33.333333333333336, "percent_statements_covered_display": "33", "num_branches": 4, "num_partial_branches": 0, "covered_branches": 0, "missing_branches": 4, "percent_branches_covered": 0.0, "percent_branches_covered_display": "0"}, "missing_lines": [623, 624, 633, 635], "excluded_lines": [], "start_line": 605, "executed_branches": [], "missing_branches": [[623, 624], [623, 633], [633, 634], [633, 635]]}, "create_app.list_audit_events": {"executed_lines": [650], "summary": {"covered_lines": 1, "num_statements": 2, "percent_covered": 50.0, "percent_covered_display": "50", "missing_lines": 1, "excluded_lines": 0, "percent_statements_covered": 50.0, "percent_statements_covered_display": "50", "num_branches": 0, "num_partial_branches": 0, "covered_branches": 0, "missing_branches": 0, "percent_branches_covered": 100.0, "percent_branches_covered_display": "100"}, "missing_lines": [655], "excluded_lines": [], "start_line": 646, "executed_branches": [], "missing_branches": []}, "create_app.list_evaluations": {"executed_lines": [662], "summary": {"covered_lines": 1, "num_statements": 2, "percent_covered": 50.0, "percent_covered_display": "50", "missing_lines": 1, "excluded_lines": 0, "percent_statements_covered": 50.0, "percent_statements_covered_display": "50", "num_branches": 0, "num_partial_branches": 0, "covered_branches": 0, "missing_branches": 0, "percent_branches_covered": 100.0, "percent_branches_covered_display": "100"}, "missing_lines": [667], "excluded_lines": [], "start_line": 658, "executed_branches": [], "missing_branches": []}, "create_app.run_evaluation": {"executed_lines": [676, 684, 697, 705, 706, 720, 721], "summary": {"covered_lines": 7, "num_statements": 9, "percent_covered": 77.77777777777777, "percent_covered_display": "78", "missing_lines": 2, "excluded_lines": 0, "percent_statements_covered": 77.77777777777777, "percent_statements_covered_display": "78", "num_branches": 0, "num_partial_branches": 0, "covered_branches": 0, "missing_branches": 0, "percent_branches_covered": 100.0, "percent_branches_covered_display": "100"}, "missing_lines": [707, 722], "excluded_lines": [], "start_line": 670, "executed_branches": [], "missing_branches": []}, "create_app.admin_status": {"executed_lines": [729, 739], "summary": {"covered_lines": 2, "num_statements": 6, "percent_covered": 25.0, "percent_covered_display": "25", "missing_lines": 4, "excluded_lines": 0, "percent_statements_covered": 33.333333333333336, "percent_statements_covered_display": "33", "num_branches": 2, "num_partial_branches": 0, "covered_branches": 0, "missing_branches": 2, "percent_branches_covered": 0.0, "percent_branches_covered_display": "0"}, "missing_lines": [736, 737, 738, 742], "excluded_lines": [], "start_line": 725, "executed_branches": [], "missing_branches": [[737, 738], [737, 739]]}, "": {"executed_lines": [1, 2, 3, 4, 5, 6, 8, 9, 10, 21, 22, 23, 24, 25, 26, 27, 29, 30, 31, 32, 33, 45, 52, 53, 54, 55, 56, 70, 71, 72, 74, 77, 82, 104, 123, 145, 149], "summary": {"covered_lines": 37, "num_statements": 37, "percent_covered": 100.0, "percent_covered_display": "100", "missing_lines": 0, "excluded_lines": 0, "percent_statements_covered": 100.0, "percent_statements_covered_display": "100", "num_branches": 0, "num_partial_branches": 0, "covered_branches": 0, "missing_branches": 0, "percent_branches_covered": 100.0, "percent_branches_covered_display": "100"}, "missing_lines": [], "excluded_lines": [], "start_line": 1, "executed_branches": [], "missing_branches": []}}, "classes": {"": {"executed_lines": [1, 2, 3, 4, 5, 6, 8, 9, 10, 21, 22, 23, 24, 25, 26, 27, 29, 30, 31, 32, 33, 45, 52, 53, 54, 55, 56, 70, 71, 72, 74, 77, 78, 79, 82, 92, 104, 109, 110, 111, 112, 117, 123, 124, 129, 130, 131, 139, 142, 145, 146, 149, 150, 151, 153, 158, 159, 161, 162, 163, 164, 165, 166, 167, 168, 169, 174, 175, 176, 178, 179, 181, 182, 186, 188, 189, 192, 193, 194, 197, 198, 199, 200, 201, 202, 203, 204, 205, 206, 214, 216, 217, 218, 220, 221, 222, 223, 224, 225, 226, 227, 228, 229, 232, 234, 235, 240, 254, 266, 273, 274, 275, 277, 278, 282, 285, 286, 291, 303, 304, 312, 313, 314, 315, 336, 344, 355, 394, 431, 438, 439, 445, 450, 457, 458, 473, 476, 477, 482, 490, 491, 497, 500, 516, 519, 520, 527, 537, 550, 591, 601, 605, 611, 634, 645, 646, 650, 657, 658, 662, 669, 670, 676, 684, 697, 705, 706, 720, 721, 724, 725, 729, 739, 749], "summary": {"covered_lines": 174, "num_statements": 285, "percent_covered": 55.96330275229358, "percent_covered_display": "56", "missing_lines": 111, "excluded_lines": 0, "percent_statements_covered": 61.05263157894737, "percent_statements_covered_display": "61", "num_branches": 42, "num_partial_branches": 7, "covered_branches": 9, "missing_branches": 33, "percent_branches_covered": 21.428571428571427, "percent_branches_covered_display": "21"}, "missing_lines": [115, 116, 118, 119, 120, 140, 152, 195, 196, 241, 242, 247, 255, 256, 257, 258, 259, 267, 283, 292, 293, 301, 316, 317, 318, 319, 325, 326, 327, 331, 343, 347, 356, 357, 359, 360, 361, 362, 363, 364, 376, 383, 384, 393, 395, 396, 397, 398, 405, 406, 407, 410, 415, 416, 417, 418, 419, 420, 421, 422, 423, 432, 433, 453, 454, 455, 456, 459, 460, 461, 462, 463, 464, 465, 474, 483, 484, 485, 488, 498, 499, 507, 517, 528, 529, 530, 531, 532, 549, 561, 562, 563, 573, 574, 575, 576, 577, 578, 592, 623, 624, 633, 635, 655, 667, 707, 722, 736, 737, 738, 742], "excluded_lines": [], "start_line": 1, "executed_branches": [[109, 110], [109, 111], [129, 130], [129, 131], [151, 153], [226, 227], [226, 232], [313, 314], [313, 315]], "missing_branches": [[118, 119], [118, 120], [151, 152], [242, 247], [242, 256], [291, 292], [291, 293], [315, 316], [315, 317], [327, 331], [327, 336], [343, 344], [343, 359], [405, 406], [405, 407], [453, 454], [453, 455], [459, 460], [459, 463], [483, 484], [483, 485], [498, 499], [498, 500], [527, 528], [527, 529], [562, 563], [562, 573], [623, 624], [623, 633], [633, 634], [633, 635], [737, 738], [737, 739]]}}}, "apps/api/evidencedesk_api/models.py": {"executed_lines": [1, 2, 3, 4, 6, 7, 22, 23, 25, 28, 29, 32, 33, 34, 35, 36, 37, 40, 41, 42, 43, 44, 47, 48, 50, 51, 52, 53, 54, 55, 58, 59, 61, 62, 63, 64, 65, 68, 69, 70, 80, 81, 84, 85, 86, 87, 88, 89, 92, 93, 94, 95, 96, 97, 100, 101, 103, 104, 107, 110, 111, 112, 113, 114, 115, 118, 119, 120, 132, 133, 136, 137, 138, 139, 140, 141, 144, 150, 151, 152, 156, 157, 160, 161, 162, 165, 166, 168, 169, 172, 173, 174, 175, 176, 177, 182, 183, 185, 186, 187, 188, 189, 190, 191, 192], "summary": {"covered_lines": 105, "num_statements": 105, "percent_covered": 100.0, "percent_covered_display": "100", "missing_lines": 0, "excluded_lines": 0, "percent_statements_covered": 100.0, "percent_statements_covered_display": "100", "num_branches": 0, "num_partial_branches": 0, "covered_branches": 0, "missing_branches": 0, "percent_branches_covered": 100.0, "percent_branches_covered_display": "100"}, "missing_lines": [], "excluded_lines": [], "executed_branches": [], "missing_branches": [], "functions": {"": {"executed_lines": [1, 2, 3, 4, 6, 7, 22, 23, 25, 28, 29, 32, 33, 34, 35, 36, 37, 40, 41, 42, 43, 44, 47, 48, 50, 51, 52, 53, 54, 55, 58, 59, 61, 62, 63, 64, 65, 68, 69, 70, 80, 81, 84, 85, 86, 87, 88, 89, 92, 93, 94, 95, 96, 97, 100, 101, 103, 104, 107, 110, 111, 112, 113, 114, 115, 118, 119, 120, 132, 133, 136, 137, 138, 139, 140, 141, 144, 150, 151, 152, 156, 157, 160, 161, 162, 165, 166, 168, 169, 172, 173, 174, 175, 176, 177, 182, 183, 185, 186, 187, 188, 189, 190, 191, 192], "summary": {"covered_lines": 105, "num_statements": 105, "percent_covered": 100.0, "percent_covered_display": "100", "missing_lines": 0, "excluded_lines": 0, "percent_statements_covered": 100.0, "percent_statements_covered_display": "100", "num_branches": 0, "num_partial_branches": 0, "covered_branches": 0, "missing_branches": 0, "percent_branches_covered": 100.0, "percent_branches_covered_display": "100"}, "missing_lines": [], "excluded_lines": [], "start_line": 1, "executed_branches": [], "missing_branches": []}}, "classes": {"Base": {"executed_lines": [], "summary": {"covered_lines": 0, "num_statements": 0, "percent_covered": 100.0, "percent_covered_display": "100", "missing_lines": 0, "excluded_lines": 0, "percent_statements_covered": 100.0, "percent_statements_covered_display": "100", "num_branches": 0, "num_partial_branches": 0, "covered_branches": 0, "missing_branches": 0, "percent_branches_covered": 100.0, "percent_branches_covered_display": "100"}, "missing_lines": [], "excluded_lines": [], "start_line": 28, "executed_branches": [], "missing_branches": []}, "DocumentStatus": {"executed_lines": [], "summary": {"covered_lines": 0, "num_statements": 0, "percent_covered": 100.0, "percent_covered_display": "100", "missing_lines": 0, "excluded_lines": 0, "percent_statements_covered": 100.0, "percent_statements_covered_display": "100", "num_branches": 0, "num_partial_branches": 0, "covered_branches": 0, "missing_branches": 0, "percent_branches_covered": 100.0, "percent_branches_covered_display": "100"}, "missing_lines": [], "excluded_lines": [], "start_line": 32, "executed_branches": [], "missing_branches": []}, "TaskStatus": {"executed_lines": [], "summary": {"covered_lines": 0, "num_statements": 0, "percent_covered": 100.0, "percent_covered_display": "100", "missing_lines": 0, "excluded_lines": 0, "percent_statements_covered": 100.0, "percent_statements_covered_display": "100", "num_branches": 0, "num_partial_branches": 0, "covered_branches": 0, "missing_branches": 0, "percent_branches_covered": 100.0, "percent_branches_covered_display": "100"}, "missing_lines": [], "excluded_lines": [], "start_line": 40, "executed_branches": [], "missing_branches": []}, "User": {"executed_lines": [], "summary": {"covered_lines": 0, "num_statements": 0, "percent_covered": 100.0, "percent_covered_display": "100", "missing_lines": 0, "excluded_lines": 0, "percent_statements_covered": 100.0, "percent_statements_covered_display": "100", "num_branches": 0, "num_partial_branches": 0, "covered_branches": 0, "missing_branches": 0, "percent_branches_covered": 100.0, "percent_branches_covered_display": "100"}, "missing_lines": [], "excluded_lines": [], "start_line": 47, "executed_branches": [], "missing_branches": []}, "Dossier": {"executed_lines": [], "summary": {"covered_lines": 0, "num_statements": 0, "percent_covered": 100.0, "percent_covered_display": "100", "missing_lines": 0, "excluded_lines": 0, "percent_statements_covered": 100.0, "percent_statements_covered_display": "100", "num_branches": 0, "num_partial_branches": 0, "covered_branches": 0, "missing_branches": 0, "percent_branches_covered": 100.0, "percent_branches_covered_display": "100"}, "missing_lines": [], "excluded_lines": [], "start_line": 58, "executed_branches": [], "missing_branches": []}, "Document": {"executed_lines": [], "summary": {"covered_lines": 0, "num_statements": 0, "percent_covered": 100.0, "percent_covered_display": "100", "missing_lines": 0, "excluded_lines": 0, "percent_statements_covered": 100.0, "percent_statements_covered_display": "100", "num_branches": 0, "num_partial_branches": 0, "covered_branches": 0, "missing_branches": 0, "percent_branches_covered": 100.0, "percent_branches_covered_display": "100"}, "missing_lines": [], "excluded_lines": [], "start_line": 68, "executed_branches": [], "missing_branches": []}, "ProcessingTask": {"executed_lines": [], "summary": {"covered_lines": 0, "num_statements": 0, "percent_covered": 100.0, "percent_covered_display": "100", "missing_lines": 0, "excluded_lines": 0, "percent_statements_covered": 100.0, "percent_statements_covered_display": "100", "num_branches": 0, "num_partial_branches": 0, "covered_branches": 0, "missing_branches": 0, "percent_branches_covered": 100.0, "percent_branches_covered_display": "100"}, "missing_lines": [], "excluded_lines": [], "start_line": 100, "executed_branches": [], "missing_branches": []}, "Chunk": {"executed_lines": [], "summary": {"covered_lines": 0, "num_statements": 0, "percent_covered": 100.0, "percent_covered_display": "100", "missing_lines": 0, "excluded_lines": 0, "percent_statements_covered": 100.0, "percent_statements_covered_display": "100", "num_branches": 0, "num_partial_branches": 0, "covered_branches": 0, "missing_branches": 0, "percent_branches_covered": 100.0, "percent_branches_covered_display": "100"}, "missing_lines": [], "excluded_lines": [], "start_line": 118, "executed_branches": [], "missing_branches": []}, "Extraction": {"executed_lines": [], "summary": {"covered_lines": 0, "num_statements": 0, "percent_covered": 100.0, "percent_covered_display": "100", "missing_lines": 0, "excluded_lines": 0, "percent_statements_covered": 100.0, "percent_statements_covered_display": "100", "num_branches": 0, "num_partial_branches": 0, "covered_branches": 0, "missing_branches": 0, "percent_branches_covered": 100.0, "percent_branches_covered_display": "100"}, "missing_lines": [], "excluded_lines": [], "start_line": 150, "executed_branches": [], "missing_branches": []}, "AuditEvent": {"executed_lines": [], "summary": {"covered_lines": 0, "num_statements": 0, "percent_covered": 100.0, "percent_covered_display": "100", "missing_lines": 0, "excluded_lines": 0, "percent_statements_covered": 100.0, "percent_statements_covered_display": "100", "num_branches": 0, "num_partial_branches": 0, "covered_branches": 0, "missing_branches": 0, "percent_branches_covered": 100.0, "percent_branches_covered_display": "100"}, "missing_lines": [], "excluded_lines": [], "start_line": 165, "executed_branches": [], "missing_branches": []}, "EvaluationRun": {"executed_lines": [], "summary": {"covered_lines": 0, "num_statements": 0, "percent_covered": 100.0, "percent_covered_display": "100", "missing_lines": 0, "excluded_lines": 0, "percent_statements_covered": 100.0, "percent_statements_covered_display": "100", "num_branches": 0, "num_partial_branches": 0, "covered_branches": 0, "missing_branches": 0, "percent_branches_covered": 100.0, "percent_branches_covered_display": "100"}, "missing_lines": [], "excluded_lines": [], "start_line": 182, "executed_branches": [], "missing_branches": []}, "": {"executed_lines": [1, 2, 3, 4, 6, 7, 22, 23, 25, 28, 29, 32, 33, 34, 35, 36, 37, 40, 41, 42, 43, 44, 47, 48, 50, 51, 52, 53, 54, 55, 58, 59, 61, 62, 63, 64, 65, 68, 69, 70, 80, 81, 84, 85, 86, 87, 88, 89, 92, 93, 94, 95, 96, 97, 100, 101, 103, 104, 107, 110, 111, 112, 113, 114, 115, 118, 119, 120, 132, 133, 136, 137, 138, 139, 140, 141, 144, 150, 151, 152, 156, 157, 160, 161, 162, 165, 166, 168, 169, 172, 173, 174, 175, 176, 177, 182, 183, 185, 186, 187, 188, 189, 190, 191, 192], "summary": {"covered_lines": 105, "num_statements": 105, "percent_covered": 100.0, "percent_covered_display": "100", "missing_lines": 0, "excluded_lines": 0, "percent_statements_covered": 100.0, "percent_statements_covered_display": "100", "num_branches": 0, "num_partial_branches": 0, "covered_branches": 0, "missing_branches": 0, "percent_branches_covered": 100.0, "percent_branches_covered_display": "100"}, "missing_lines": [], "excluded_lines": [], "start_line": 1, "executed_branches": [], "missing_branches": []}}}, "apps/api/evidencedesk_api/observability.py": {"executed_lines": [1, 2, 4, 5, 6, 8, 13, 18, 23, 28, 35, 36, 37, 50, 51], "summary": {"covered_lines": 15, "num_statements": 15, "percent_covered": 100.0, "percent_covered_display": "100", "missing_lines": 0, "excluded_lines": 0, "percent_statements_covered": 100.0, "percent_statements_covered_display": "100", "num_branches": 0, "num_partial_branches": 0, "covered_branches": 0, "missing_branches": 0, "percent_branches_covered": 100.0, "percent_branches_covered_display": "100"}, "missing_lines": [], "excluded_lines": [], "executed_branches": [], "missing_branches": [], "functions": {"configure_logging": {"executed_lines": [36, 37], "summary": {"covered_lines": 2, "num_statements": 2, "percent_covered": 100.0, "percent_covered_display": "100", "missing_lines": 0, "excluded_lines": 0, "percent_statements_covered": 100.0, "percent_statements_covered_display": "100", "num_branches": 0, "num_partial_branches": 0, "covered_branches": 0, "missing_branches": 0, "percent_branches_covered": 100.0, "percent_branches_covered_display": "100"}, "missing_lines": [], "excluded_lines": [], "start_line": 35, "executed_branches": [], "missing_branches": []}, "metrics_app": {"executed_lines": [51], "summary": {"covered_lines": 1, "num_statements": 1, "percent_covered": 100.0, "percent_covered_display": "100", "missing_lines": 0, "excluded_lines": 0, "percent_statements_covered": 100.0, "percent_statements_covered_display": "100", "num_branches": 0, "num_partial_branches": 0, "covered_branches": 0, "missing_branches": 0, "percent_branches_covered": 100.0, "percent_branches_covered_display": "100"}, "missing_lines": [], "excluded_lines": [], "start_line": 50, "executed_branches": [], "missing_branches": []}, "": {"executed_lines": [1, 2, 4, 5, 6, 8, 13, 18, 23, 28, 35, 50], "summary": {"covered_lines": 12, "num_statements": 12, "percent_covered": 100.0, "percent_covered_display": "100", "missing_lines": 0, "excluded_lines": 0, "percent_statements_covered": 100.0, "percent_statements_covered_display": "100", "num_branches": 0, "num_partial_branches": 0, "covered_branches": 0, "missing_branches": 0, "percent_branches_covered": 100.0, "percent_branches_covered_display": "100"}, "missing_lines": [], "excluded_lines": [], "start_line": 1, "executed_branches": [], "missing_branches": []}}, "classes": {"": {"executed_lines": [1, 2, 4, 5, 6, 8, 13, 18, 23, 28, 35, 36, 37, 50, 51], "summary": {"covered_lines": 15, "num_statements": 15, "percent_covered": 100.0, "percent_covered_display": "100", "missing_lines": 0, "excluded_lines": 0, "percent_statements_covered": 100.0, "percent_statements_covered_display": "100", "num_branches": 0, "num_partial_branches": 0, "covered_branches": 0, "missing_branches": 0, "percent_branches_covered": 100.0, "percent_branches_covered_display": "100"}, "missing_lines": [], "excluded_lines": [], "start_line": 1, "executed_branches": [], "missing_branches": []}}}, "apps/api/evidencedesk_api/processing.py": {"executed_lines": [1, 2, 3, 4, 5, 6, 7, 8, 10, 13, 14, 17, 18, 19, 20, 23, 24, 25, 26, 27, 28, 31, 34, 35, 36, 38, 39, 40, 41, 42, 43, 44, 45, 46, 47, 48, 49, 50, 51, 53, 54, 57, 67, 93, 94, 95, 96, 97, 98, 99, 104, 112, 113, 114, 126, 127, 128, 129, 130, 131, 132, 133, 137, 138, 140, 141, 149, 150, 151, 152, 153, 154, 156, 157, 158, 159, 161, 162, 163, 164, 165, 166, 167, 168, 169, 170, 171, 172, 173, 174, 176, 177, 178, 179, 180, 183, 192, 193, 201, 202, 203, 204, 205, 206, 207, 208, 210, 211, 215, 216, 217, 218, 219, 222, 223, 224, 225, 226, 227, 228, 229, 230, 231, 232, 233, 236, 237, 238, 239, 240, 241, 242, 243, 244, 245, 246, 250, 251, 252, 253, 254, 255, 256, 257, 259, 260, 261, 262, 265, 268, 269, 270, 271, 272, 273, 274, 275, 278, 279], "summary": {"covered_lines": 159, "num_statements": 189, "percent_covered": 85.55133079847909, "percent_covered_display": "86", "missing_lines": 30, "excluded_lines": 0, "percent_statements_covered": 84.12698412698413, "percent_statements_covered_display": "84", "num_branches": 74, "num_partial_branches": 6, "covered_branches": 66, "missing_branches": 8, "percent_branches_covered": 89.1891891891892, "percent_branches_covered_display": "89"}, "missing_lines": [37, 52, 58, 59, 60, 61, 62, 63, 64, 75, 76, 77, 82, 83, 84, 85, 86, 87, 88, 90, 100, 101, 134, 135, 142, 145, 146, 247, 248, 249], "excluded_lines": [], "executed_branches": [[36, 38], [38, 39], [38, 40], [42, 43], [42, 48], [45, 46], [45, 47], [94, 95], [94, 97], [99, -93], [129, 130], [129, 132], [140, 141], [157, -156], [157, 158], [161, 162], [161, 177], [164, 165], [164, 173], [166, 167], [166, 170], [171, 161], [171, 172], [173, 174], [173, 176], [178, 179], [192, 193], [192, 201], [205, 206], [205, 207], [207, 208], [207, 210], [215, 216], [215, 217], [217, 218], [217, 219], [224, -222], [224, 225], [226, 227], [226, 231], [228, 229], [232, 224], [232, 233], [237, -236], [237, 238], [238, 239], [238, 241], [243, 244], [243, 261], [245, 246], [245, 253], [246, 250], [250, 251], [250, 252], [254, 255], [254, 259], [261, 237], [261, 262], [270, 271], [270, 279], [271, 270], [271, 272], [272, 271], [272, 273], [273, 274], [273, 275]], "missing_branches": [[36, 37], [99, 100], [140, 142], [142, 145], [142, 146], [178, 180], [228, 230], [246, 247]], "functions": {"_parse_pdf_pages": {"executed_lines": [34, 35, 36, 38, 39, 40, 41, 42, 43, 44, 45, 46, 47, 48, 49, 50, 51, 53, 54], "summary": {"covered_lines": 19, "num_statements": 21, "percent_covered": 89.65517241379311, "percent_covered_display": "90", "missing_lines": 2, "excluded_lines": 0, "percent_statements_covered": 90.47619047619048, "percent_statements_covered_display": "90", "num_branches": 8, "num_partial_branches": 1, "covered_branches": 7, "missing_branches": 1, "percent_branches_covered": 87.5, "percent_branches_covered_display": "88"}, "missing_lines": [37, 52], "excluded_lines": [], "start_line": 31, "executed_branches": [[36, 38], [38, 39], [38, 40], [42, 43], [42, 48], [45, 46], [45, 47]], "missing_branches": [[36, 37]]}, "_apply_pdf_resource_limits": {"executed_lines": [], "summary": {"covered_lines": 0, "num_statements": 7, "percent_covered": 0.0, "percent_covered_display": "0", "missing_lines": 7, "excluded_lines": 0, "percent_statements_covered": 0.0, "percent_statements_covered_display": "0", "num_branches": 0, "num_partial_branches": 0, "covered_branches": 0, "missing_branches": 0, "percent_branches_covered": 100.0, "percent_branches_covered_display": "100"}, "missing_lines": [58, 59, 60, 61, 62, 63, 64], "excluded_lines": [], "start_line": 57, "executed_branches": [], "missing_branches": []}, "_pdf_parser_child": {"executed_lines": [], "summary": {"covered_lines": 0, "num_statements": 11, "percent_covered": 0.0, "percent_covered_display": "0", "missing_lines": 11, "excluded_lines": 0, "percent_statements_covered": 0.0, "percent_statements_covered_display": "0", "num_branches": 0, "num_partial_branches": 0, "covered_branches": 0, "missing_branches": 0, "percent_branches_covered": 100.0, "percent_branches_covered_display": "100"}, "missing_lines": [75, 76, 77, 82, 83, 84, 85, 86, 87, 88, 90], "excluded_lines": [], "start_line": 67, "executed_branches": [], "missing_branches": []}, "_stop_process": {"executed_lines": [94, 95, 96, 97, 98, 99], "summary": {"covered_lines": 6, "num_statements": 8, "percent_covered": 75.0, "percent_covered_display": "75", "missing_lines": 2, "excluded_lines": 0, "percent_statements_covered": 75.0, "percent_statements_covered_display": "75", "num_branches": 4, "num_partial_branches": 1, "covered_branches": 3, "missing_branches": 1, "percent_branches_covered": 75.0, "percent_branches_covered_display": "75"}, "missing_lines": [100, 101], "excluded_lines": [], "start_line": 93, "executed_branches": [[94, 95], [94, 97], [99, -93]], "missing_branches": [[99, 100]]}, "_parse_pdf_isolated": {"executed_lines": [112, 113, 114, 126, 127, 128, 129, 130, 131, 132, 133, 137, 138, 140, 141], "summary": {"covered_lines": 15, "num_statements": 20, "percent_covered": 69.23076923076923, "percent_covered_display": "69", "missing_lines": 5, "excluded_lines": 0, "percent_statements_covered": 75.0, "percent_statements_covered_display": "75", "num_branches": 6, "num_partial_branches": 1, "covered_branches": 3, "missing_branches": 3, "percent_branches_covered": 50.0, "percent_branches_covered_display": "50"}, "missing_lines": [134, 135, 142, 145, 146], "excluded_lines": [], "start_line": 104, "executed_branches": [[129, 130], [129, 132], [140, 141]], "missing_branches": [[140, 142], [142, 145], [142, 146]]}, "_parse_markdown": {"executed_lines": [150, 151, 152, 153, 154, 156, 161, 162, 163, 164, 165, 166, 167, 168, 169, 170, 171, 172, 173, 174, 176, 177, 178, 179, 180], "summary": {"covered_lines": 25, "num_statements": 25, "percent_covered": 97.29729729729729, "percent_covered_display": "97", "missing_lines": 0, "excluded_lines": 0, "percent_statements_covered": 100.0, "percent_statements_covered_display": "100", "num_branches": 12, "num_partial_branches": 1, "covered_branches": 11, "missing_branches": 1, "percent_branches_covered": 91.66666666666667, "percent_branches_covered_display": "92"}, "missing_lines": [], "excluded_lines": [], "start_line": 149, "executed_branches": [[161, 162], [161, 177], [164, 165], [164, 173], [166, 167], [166, 170], [171, 161], [171, 172], [173, 174], [173, 176], [178, 179]], "missing_branches": [[178, 180]]}, "_parse_markdown.flush": {"executed_lines": [157, 158, 159], "summary": {"covered_lines": 3, "num_statements": 3, "percent_covered": 100.0, "percent_covered_display": "100", "missing_lines": 0, "excluded_lines": 0, "percent_statements_covered": 100.0, "percent_statements_covered_display": "100", "num_branches": 2, "num_partial_branches": 0, "covered_branches": 2, "missing_branches": 0, "percent_branches_covered": 100.0, "percent_branches_covered_display": "100"}, "missing_lines": [], "excluded_lines": [], "start_line": 156, "executed_branches": [[157, -156], [157, 158]], "missing_branches": []}, "parse_document": {"executed_lines": [192, 193, 201, 202, 203, 204, 205, 206, 207, 208, 210, 211, 215, 216, 217, 218, 219], "summary": {"covered_lines": 17, "num_statements": 17, "percent_covered": 100.0, "percent_covered_display": "100", "missing_lines": 0, "excluded_lines": 0, "percent_statements_covered": 100.0, "percent_statements_covered_display": "100", "num_branches": 10, "num_partial_branches": 0, "covered_branches": 10, "missing_branches": 0, "percent_branches_covered": 100.0, "percent_branches_covered_display": "100"}, "missing_lines": [], "excluded_lines": [], "start_line": 183, "executed_branches": [[192, 193], [192, 201], [205, 206], [205, 207], [207, 208], [207, 210], [215, 216], [215, 217], [217, 218], [217, 219]], "missing_branches": []}, "_sentences": {"executed_lines": [223, 224, 225, 226, 227, 228, 229, 230, 231, 232, 233], "summary": {"covered_lines": 11, "num_statements": 11, "percent_covered": 94.73684210526316, "percent_covered_display": "95", "missing_lines": 0, "excluded_lines": 0, "percent_statements_covered": 100.0, "percent_statements_covered_display": "100", "num_branches": 8, "num_partial_branches": 1, "covered_branches": 7, "missing_branches": 1, "percent_branches_covered": 87.5, "percent_branches_covered_display": "88"}, "missing_lines": [], "excluded_lines": [], "start_line": 222, "executed_branches": [[224, -222], [224, 225], [226, 227], [226, 231], [228, 229], [232, 224], [232, 233]], "missing_branches": [[228, 230]]}, "_split_text": {"executed_lines": [237, 238, 239, 240, 241, 242, 243, 244, 245, 246, 250, 251, 252, 253, 254, 255, 256, 257, 259, 260, 261, 262], "summary": {"covered_lines": 22, "num_statements": 25, "percent_covered": 90.2439024390244, "percent_covered_display": "90", "missing_lines": 3, "excluded_lines": 0, "percent_statements_covered": 88.0, "percent_statements_covered_display": "88", "num_branches": 16, "num_partial_branches": 1, "covered_branches": 15, "missing_branches": 1, "percent_branches_covered": 93.75, "percent_branches_covered_display": "94"}, "missing_lines": [247, 248, 249], "excluded_lines": [], "start_line": 236, "executed_branches": [[237, -236], [237, 238], [238, 239], [238, 241], [243, 244], [243, 261], [245, 246], [245, 253], [246, 250], [250, 251], [250, 252], [254, 255], [254, 259], [261, 237], [261, 262]], "missing_branches": [[246, 247]]}, "chunk_pages": {"executed_lines": [268, 269, 270, 271, 272, 273, 274, 275, 278, 279], "summary": {"covered_lines": 10, "num_statements": 10, "percent_covered": 100.0, "percent_covered_display": "100", "missing_lines": 0, "excluded_lines": 0, "percent_statements_covered": 100.0, "percent_statements_covered_display": "100", "num_branches": 8, "num_partial_branches": 0, "covered_branches": 8, "missing_branches": 0, "percent_branches_covered": 100.0, "percent_branches_covered_display": "100"}, "missing_lines": [], "excluded_lines": [], "start_line": 265, "executed_branches": [[270, 271], [270, 279], [271, 270], [271, 272], [272, 271], [272, 273], [273, 274], [273, 275]], "missing_branches": []}, "": {"executed_lines": [1, 2, 3, 4, 5, 6, 7, 8, 10, 13, 14, 17, 18, 19, 20, 23, 24, 25, 26, 27, 28, 31, 57, 67, 93, 104, 149, 183, 222, 236, 265], "summary": {"covered_lines": 31, "num_statements": 31, "percent_covered": 100.0, "percent_covered_display": "100", "missing_lines": 0, "excluded_lines": 0, "percent_statements_covered": 100.0, "percent_statements_covered_display": "100", "num_branches": 0, "num_partial_branches": 0, "covered_branches": 0, "missing_branches": 0, "percent_branches_covered": 100.0, "percent_branches_covered_display": "100"}, "missing_lines": [], "excluded_lines": [], "start_line": 1, "executed_branches": [], "missing_branches": []}}, "classes": {"DocumentParseError": {"executed_lines": [], "summary": {"covered_lines": 0, "num_statements": 0, "percent_covered": 100.0, "percent_covered_display": "100", "missing_lines": 0, "excluded_lines": 0, "percent_statements_covered": 100.0, "percent_statements_covered_display": "100", "num_branches": 0, "num_partial_branches": 0, "covered_branches": 0, "missing_branches": 0, "percent_branches_covered": 100.0, "percent_branches_covered_display": "100"}, "missing_lines": [], "excluded_lines": [], "start_line": 13, "executed_branches": [], "missing_branches": []}, "ParsedPage": {"executed_lines": [], "summary": {"covered_lines": 0, "num_statements": 0, "percent_covered": 100.0, "percent_covered_display": "100", "missing_lines": 0, "excluded_lines": 0, "percent_statements_covered": 100.0, "percent_statements_covered_display": "100", "num_branches": 0, "num_partial_branches": 0, "covered_branches": 0, "missing_branches": 0, "percent_branches_covered": 100.0, "percent_branches_covered_display": "100"}, "missing_lines": [], "excluded_lines": [], "start_line": 18, "executed_branches": [], "missing_branches": []}, "DocumentChunk": {"executed_lines": [], "summary": {"covered_lines": 0, "num_statements": 0, "percent_covered": 100.0, "percent_covered_display": "100", "missing_lines": 0, "excluded_lines": 0, "percent_statements_covered": 100.0, "percent_statements_covered_display": "100", "num_branches": 0, "num_partial_branches": 0, "covered_branches": 0, "missing_branches": 0, "percent_branches_covered": 100.0, "percent_branches_covered_display": "100"}, "missing_lines": [], "excluded_lines": [], "start_line": 24, "executed_branches": [], "missing_branches": []}, "": {"executed_lines": [1, 2, 3, 4, 5, 6, 7, 8, 10, 13, 14, 17, 18, 19, 20, 23, 24, 25, 26, 27, 28, 31, 34, 35, 36, 38, 39, 40, 41, 42, 43, 44, 45, 46, 47, 48, 49, 50, 51, 53, 54, 57, 67, 93, 94, 95, 96, 97, 98, 99, 104, 112, 113, 114, 126, 127, 128, 129, 130, 131, 132, 133, 137, 138, 140, 141, 149, 150, 151, 152, 153, 154, 156, 157, 158, 159, 161, 162, 163, 164, 165, 166, 167, 168, 169, 170, 171, 172, 173, 174, 176, 177, 178, 179, 180, 183, 192, 193, 201, 202, 203, 204, 205, 206, 207, 208, 210, 211, 215, 216, 217, 218, 219, 222, 223, 224, 225, 226, 227, 228, 229, 230, 231, 232, 233, 236, 237, 238, 239, 240, 241, 242, 243, 244, 245, 246, 250, 251, 252, 253, 254, 255, 256, 257, 259, 260, 261, 262, 265, 268, 269, 270, 271, 272, 273, 274, 275, 278, 279], "summary": {"covered_lines": 159, "num_statements": 189, "percent_covered": 85.55133079847909, "percent_covered_display": "86", "missing_lines": 30, "excluded_lines": 0, "percent_statements_covered": 84.12698412698413, "percent_statements_covered_display": "84", "num_branches": 74, "num_partial_branches": 6, "covered_branches": 66, "missing_branches": 8, "percent_branches_covered": 89.1891891891892, "percent_branches_covered_display": "89"}, "missing_lines": [37, 52, 58, 59, 60, 61, 62, 63, 64, 75, 76, 77, 82, 83, 84, 85, 86, 87, 88, 90, 100, 101, 134, 135, 142, 145, 146, 247, 248, 249], "excluded_lines": [], "start_line": 1, "executed_branches": [[36, 38], [38, 39], [38, 40], [42, 43], [42, 48], [45, 46], [45, 47], [94, 95], [94, 97], [99, -93], [129, 130], [129, 132], [140, 141], [157, -156], [157, 158], [161, 162], [161, 177], [164, 165], [164, 173], [166, 167], [166, 170], [171, 161], [171, 172], [173, 174], [173, 176], [178, 179], [192, 193], [192, 201], [205, 206], [205, 207], [207, 208], [207, 210], [215, 216], [215, 217], [217, 218], [217, 219], [224, -222], [224, 225], [226, 227], [226, 231], [228, 229], [232, 224], [232, 233], [237, -236], [237, 238], [238, 239], [238, 241], [243, 244], [243, 261], [245, 246], [245, 253], [246, 250], [250, 251], [250, 252], [254, 255], [254, 259], [261, 237], [261, 262], [270, 271], [270, 279], [271, 270], [271, 272], [272, 271], [272, 273], [273, 274], [273, 275]], "missing_branches": [[36, 37], [99, 100], [140, 142], [142, 145], [142, 146], [178, 180], [228, 230], [246, 247]]}}}, "apps/api/evidencedesk_api/provider_registry.py": {"executed_lines": [1, 2, 3, 4, 6, 11, 18, 19, 20, 25, 26, 27, 28, 30, 31, 32, 35, 36, 39, 46, 47, 48, 49, 58, 59], "summary": {"covered_lines": 25, "num_statements": 25, "percent_covered": 100.0, "percent_covered_display": "100", "missing_lines": 0, "excluded_lines": 4, "percent_statements_covered": 100.0, "percent_statements_covered_display": "100", "num_branches": 4, "num_partial_branches": 0, "covered_branches": 4, "missing_branches": 0, "percent_branches_covered": 100.0, "percent_branches_covered_display": "100"}, "missing_lines": [], "excluded_lines": [21, 22, 23, 24], "executed_branches": [[46, 47], [46, 48], [48, 49], [48, 58]], "missing_branches": [], "functions": {"AnswerProvider.answer": {"executed_lines": [], "summary": {"covered_lines": 0, "num_statements": 0, "percent_covered": 100.0, "percent_covered_display": "100", "missing_lines": 0, "excluded_lines": 1, "percent_statements_covered": 100.0, "percent_statements_covered_display": "100", "num_branches": 0, "num_partial_branches": 0, "covered_branches": 0, "missing_branches": 0, "percent_branches_covered": 100.0, "percent_branches_covered_display": "100"}, "missing_lines": [], "excluded_lines": [22], "start_line": 22, "executed_branches": [], "missing_branches": []}, "ProviderBundle.estimated_cost_usd": {"executed_lines": [32], "summary": {"covered_lines": 1, "num_statements": 1, "percent_covered": 100.0, "percent_covered_display": "100", "missing_lines": 0, "excluded_lines": 0, "percent_statements_covered": 100.0, "percent_statements_covered_display": "100", "num_branches": 0, "num_partial_branches": 0, "covered_branches": 0, "missing_branches": 0, "percent_branches_covered": 100.0, "percent_branches_covered_display": "100"}, "missing_lines": [], "excluded_lines": [], "start_line": 31, "executed_branches": [], "missing_branches": []}, "build_provider_bundle": {"executed_lines": [46, 47, 48, 49, 58, 59], "summary": {"covered_lines": 6, "num_statements": 6, "percent_covered": 100.0, "percent_covered_display": "100", "missing_lines": 0, "excluded_lines": 0, "percent_statements_covered": 100.0, "percent_statements_covered_display": "100", "num_branches": 4, "num_partial_branches": 0, "covered_branches": 4, "missing_branches": 0, "percent_branches_covered": 100.0, "percent_branches_covered_display": "100"}, "missing_lines": [], "excluded_lines": [], "start_line": 39, "executed_branches": [[46, 47], [46, 48], [48, 49], [48, 58]], "missing_branches": []}, "": {"executed_lines": [1, 2, 3, 4, 6, 11, 18, 19, 20, 25, 26, 27, 28, 30, 31, 35, 36, 39], "summary": {"covered_lines": 18, "num_statements": 18, "percent_covered": 100.0, "percent_covered_display": "100", "missing_lines": 0, "excluded_lines": 3, "percent_statements_covered": 100.0, "percent_statements_covered_display": "100", "num_branches": 0, "num_partial_branches": 0, "covered_branches": 0, "missing_branches": 0, "percent_branches_covered": 100.0, "percent_branches_covered_display": "100"}, "missing_lines": [], "excluded_lines": [21, 23, 24], "start_line": 1, "executed_branches": [], "missing_branches": []}}, "classes": {"AnswerProvider": {"executed_lines": [], "summary": {"covered_lines": 0, "num_statements": 0, "percent_covered": 100.0, "percent_covered_display": "100", "missing_lines": 0, "excluded_lines": 1, "percent_statements_covered": 100.0, "percent_statements_covered_display": "100", "num_branches": 0, "num_partial_branches": 0, "covered_branches": 0, "missing_branches": 0, "percent_branches_covered": 100.0, "percent_branches_covered_display": "100"}, "missing_lines": [], "excluded_lines": [22], "start_line": 18, "executed_branches": [], "missing_branches": []}, "ProviderBundle": {"executed_lines": [32], "summary": {"covered_lines": 1, "num_statements": 1, "percent_covered": 100.0, "percent_covered_display": "100", "missing_lines": 0, "excluded_lines": 0, "percent_statements_covered": 100.0, "percent_statements_covered_display": "100", "num_branches": 0, "num_partial_branches": 0, "covered_branches": 0, "missing_branches": 0, "percent_branches_covered": 100.0, "percent_branches_covered_display": "100"}, "missing_lines": [], "excluded_lines": [], "start_line": 26, "executed_branches": [], "missing_branches": []}, "UnsupportedProviderMode": {"executed_lines": [], "summary": {"covered_lines": 0, "num_statements": 0, "percent_covered": 100.0, "percent_covered_display": "100", "missing_lines": 0, "excluded_lines": 0, "percent_statements_covered": 100.0, "percent_statements_covered_display": "100", "num_branches": 0, "num_partial_branches": 0, "covered_branches": 0, "missing_branches": 0, "percent_branches_covered": 100.0, "percent_branches_covered_display": "100"}, "missing_lines": [], "excluded_lines": [], "start_line": 35, "executed_branches": [], "missing_branches": []}, "": {"executed_lines": [1, 2, 3, 4, 6, 11, 18, 19, 20, 25, 26, 27, 28, 30, 31, 35, 36, 39, 46, 47, 48, 49, 58, 59], "summary": {"covered_lines": 24, "num_statements": 24, "percent_covered": 100.0, "percent_covered_display": "100", "missing_lines": 0, "excluded_lines": 3, "percent_statements_covered": 100.0, "percent_statements_covered_display": "100", "num_branches": 4, "num_partial_branches": 0, "covered_branches": 4, "missing_branches": 0, "percent_branches_covered": 100.0, "percent_branches_covered_display": "100"}, "missing_lines": [], "excluded_lines": [21, 23, 24], "start_line": 1, "executed_branches": [[46, 47], [46, 48], [48, 49], [48, 58]], "missing_branches": []}}}, "apps/api/evidencedesk_api/providers.py": {"executed_lines": [1, 2, 3, 4, 5, 6, 7, 9, 10, 11, 12, 13, 16, 20, 26, 27, 28, 29, 30, 39, 42, 43, 45, 46, 47, 49, 50, 51, 52, 53, 54, 56, 57, 58, 59, 60, 61, 62, 63, 65, 66, 68, 72, 73, 74, 75, 76, 77, 80, 99, 102, 103, 105, 112, 113, 114, 115, 116, 117, 118, 119, 122, 128, 129, 132, 133, 134, 136, 137, 138, 140, 141, 142, 143, 148, 149, 150, 151, 153, 154, 155, 156, 162, 163, 164, 166, 167, 169, 170, 171, 172, 174, 175, 177, 178, 180, 183, 184], "summary": {"covered_lines": 98, "num_statements": 111, "percent_covered": 86.01398601398601, "percent_covered_display": "86", "missing_lines": 13, "excluded_lines": 13, "percent_statements_covered": 88.28828828828829, "percent_statements_covered_display": "88", "num_branches": 32, "num_partial_branches": 7, "covered_branches": 25, "missing_branches": 7, "percent_branches_covered": 78.125, "percent_branches_covered_display": "78"}, "missing_lines": [69, 86, 88, 120, 121, 130, 135, 139, 165, 168, 173, 176, 181], "excluded_lines": [21, 22, 23, 24, 25, 31, 32, 33, 34, 35, 36, 37, 38], "executed_branches": [[52, 53], [52, 56], [57, 58], [57, 62], [75, 76], [75, 77], [122, 128], [122, 129], [129, 132], [133, 134], [133, 153], [134, 136], [138, 140], [140, 141], [140, 142], [143, 148], [143, 149], [150, 133], [150, 151], [164, 166], [167, 169], [170, 171], [170, 178], [172, 174], [175, 177]], "missing_branches": [[129, 130], [134, 135], [138, 139], [164, 165], [167, 168], [172, 173], [175, 176]], "functions": {"EmbeddingBackend.embed": {"executed_lines": [], "summary": {"covered_lines": 0, "num_statements": 0, "percent_covered": 100.0, "percent_covered_display": "100", "missing_lines": 0, "excluded_lines": 1, "percent_statements_covered": 100.0, "percent_statements_covered_display": "100", "num_branches": 0, "num_partial_branches": 0, "covered_branches": 0, "missing_branches": 0, "percent_branches_covered": 100.0, "percent_branches_covered_display": "100"}, "missing_lines": [], "excluded_lines": [23], "start_line": 21, "executed_branches": [], "missing_branches": []}, "EmbeddingProvider.embed": {"executed_lines": [], "summary": {"covered_lines": 0, "num_statements": 0, "percent_covered": 100.0, "percent_covered_display": "100", "missing_lines": 0, "excluded_lines": 1, "percent_statements_covered": 100.0, "percent_statements_covered_display": "100", "num_branches": 0, "num_partial_branches": 0, "covered_branches": 0, "missing_branches": 0, "percent_branches_covered": 100.0, "percent_branches_covered_display": "100"}, "missing_lines": [], "excluded_lines": [32], "start_line": 32, "executed_branches": [], "missing_branches": []}, "EmbeddingProvider.embed_many": {"execute
[...]
0], "summary": {"covered_lines": 17, "num_statements": 19, "percent_covered": 90.3225806451613, "percent_covered_display": "90", "missing_lines": 2, "excluded_lines": 0, "percent_statements_covered": 89.47368421052632, "percent_statements_covered_display": "89", "num_branches": 12, "num_partial_branches": 1, "covered_branches": 11, "missing_branches": 1, "percent_branches_covered": 91.66666666666667, "percent_branches_covered_display": "92"}, "missing_lines": [75, 76], "excluded_lines": [], "start_line": 55, "executed_branches": [[58, 59], [58, 60], [60, 61], [60, 63], [66, 67], [66, 69], [69, 70], [69, 73], [70, 71], [77, 78], [77, 80]], "missing_branches": [[70, 80]]}, "": {"executed_lines": [1, 2, 3, 4, 5, 8, 9, 14, 15, 16, 17, 18, 19, 22, 32, 55], "summary": {"covered_lines": 16, "num_statements": 16, "percent_covered": 100.0, "percent_covered_display": "100", "missing_lines": 0, "excluded_lines": 0, "percent_statements_covered": 100.0, "percent_statements_covered_display": "100", "num_branches": 0, "num_partial_branches": 0, "covered_branches": 0, "missing_branches": 0, "percent_branches_covered": 100.0, "percent_branches_covered_display": "100"}, "missing_lines": [], "excluded_lines": [], "start_line": 1, "executed_branches": [], "missing_branches": []}}, "classes": {"UploadRejected": {"executed_lines": [10, 11], "summary": {"covered_lines": 2, "num_statements": 2, "percent_covered": 100.0, "percent_covered_display": "100", "missing_lines": 0, "excluded_lines": 0, "percent_statements_covered": 100.0, "percent_statements_covered_display": "100", "num_branches": 0, "num_partial_branches": 0, "covered_branches": 0, "missing_branches": 0, "percent_branches_covered": 100.0, "percent_branches_covered_display": "100"}, "missing_lines": [], "excluded_lines": [], "start_line": 8, "executed_branches": [], "missing_branches": []}, "ValidatedUpload": {"executed_lines": [], "summary": {"covered_lines": 0, "num_statements": 0, "percent_covered": 100.0, "percent_covered_display": "100", "missing_lines": 0, "excluded_lines": 0, "percent_statements_covered": 100.0, "percent_statements_covered_display": "100", "num_branches": 0, "num_partial_branches": 0, "covered_branches": 0, "missing_branches": 0, "percent_branches_covered": 100.0, "percent_branches_covered_display": "100"}, "missing_lines": [], "excluded_lines": [], "start_line": 15, "executed_branches": [], "missing_branches": []}, "": {"executed_lines": [1, 2, 3, 4, 5, 8, 9, 14, 15, 16, 17, 18, 19, 22, 32, 33, 34, 37, 39, 40, 42, 43, 44, 46, 47, 49, 50, 52, 55, 58, 59, 60, 61, 63, 64, 65, 66, 67, 69, 70, 71, 73, 74, 77, 78, 80], "summary": {"covered_lines": 46, "num_statements": 55, "percent_covered": 81.0126582278481, "percent_covered_display": "81", "missing_lines": 9, "excluded_lines": 0, "percent_statements_covered": 83.63636363636364, "percent_statements_covered_display": "84", "num_branches": 24, "num_partial_branches": 6, "covered_branches": 18, "missing_branches": 6, "percent_branches_covered": 75.0, "percent_branches_covered_display": "75"}, "missing_lines": [35, 36, 38, 41, 45, 48, 51, 75, 76], "excluded_lines": [], "start_line": 1, "executed_branches": [[37, 39], [40, 42], [43, 44], [43, 50], [44, 46], [47, 49], [50, 52], [58, 59], [58, 60], [60, 61], [60, 63], [66, 67], [66, 69], [69, 70], [69, 73], [70, 71], [77, 78], [77, 80]], "missing_branches": [[37, 38], [40, 41], [44, 45], [47, 48], [50, 51], [70, 80]]}}}, "apps/worker/evidencedesk_worker/__init__.py": {"executed_lines": [], "summary": {"covered_lines": 0, "num_statements": 0, "percent_covered": 100.0, "percent_covered_display": "100", "missing_lines": 0, "excluded_lines": 0, "percent_statements_covered": 100.0, "percent_statements_covered_display": "100", "num_branches": 0, "num_partial_branches": 0, "covered_branches": 0, "missing_branches": 0, "percent_branches_covered": 100.0, "percent_branches_covered_display": "100"}, "missing_lines": [], "excluded_lines": [], "executed_branches": [], "missing_branches": [], "functions": {"": {"executed_lines": [], "summary": {"covered_lines": 0, "num_statements": 0, "percent_covered": 100.0, "percent_covered_display": "100", "missing_lines": 0, "excluded_lines": 0, "percent_statements_covered": 100.0, "percent_statements_covered_display": "100", "num_branches": 0, "num_partial_branches": 0, "covered_branches": 0, "missing_branches": 0, "percent_branches_covered": 100.0, "percent_branches_covered_display": "100"}, "missing_lines": [], "excluded_lines": [], "start_line": 1, "executed_branches": [], "missing_branches": []}}, "classes": {"": {"executed_lines": [], "summary": {"covered_lines": 0, "num_statements": 0, "percent_covered": 100.0, "percent_covered_display": "100", "missing_lines": 0, "excluded_lines": 0, "percent_statements_covered": 100.0, "percent_statements_covered_display": "100", "num_branches": 0, "num_partial_branches": 0, "covered_branches": 0, "missing_branches": 0, "percent_branches_covered": 100.0, "percent_branches_covered_display": "100"}, "missing_lines": [], "excluded_lines": [], "start_line": 1, "executed_branches": [], "missing_branches": []}}}, "apps/worker/evidencedesk_worker/jobs.py": {"executed_lines": [1, 2, 3, 4, 5, 7, 8, 9, 10, 11, 20, 21, 22, 23, 24, 25, 26, 27, 30, 31, 32, 33, 34, 35, 36, 39, 40, 43, 46, 49, 52, 53, 54, 57, 60, 63, 64, 65, 67, 68, 69, 70, 71, 72, 73, 74, 75, 85, 86, 89, 92, 93, 94, 96, 97, 98, 99, 100, 101, 102, 103, 113, 114, 117, 120, 121, 122, 123, 125, 126, 127, 128, 129, 130, 131, 132, 133, 143, 144, 147, 150, 153, 154, 155, 156, 157, 167, 168, 169, 170, 173, 176, 177, 178, 179, 180, 181, 182, 184, 185, 186, 187, 188, 189, 190, 191, 192, 193, 200, 204, 205, 206, 207, 208, 209, 210, 211, 212, 213, 214, 216, 217, 218, 219, 220, 223, 225, 226, 227, 233, 234, 235, 237, 238, 246, 247, 248, 254, 256, 257, 264, 267, 268, 269, 270, 271, 272, 284, 296, 297, 298, 299, 305, 306, 307, 308, 309, 312, 319, 321, 322, 323, 324, 325, 327, 328, 329, 330, 333, 335, 340, 341, 342, 343, 350, 351, 352, 353, 354, 355, 356, 357, 367, 387, 388, 389, 396], "summary": {"covered_lines": 187, "num_statements": 207, "percent_covered": 87.45098039215686, "percent_covered_display": "87", "missing_lines": 20, "excluded_lines": 0, "percent_statements_covered": 90.33816425120773, "percent_statements_covered_display": "90", "num_branches": 48, "num_partial_branches": 8, "covered_branches": 36, "missing_branches": 12, "percent_branches_covered": 75.0, "percent_branches_covered_display": "75"}, "missing_lines": [66, 95, 124, 224, 320, 331, 332, 334, 336, 368, 369, 370, 373, 380, 381, 382, 383, 384, 385, 386], "excluded_lines": [], "executed_branches": [[52, 53], [52, 54], [65, 67], [67, 68], [67, 69], [73, 74], [73, 75], [94, 96], [96, 97], [96, 98], [123, 125], [125, 126], [125, 127], [131, 132], [131, 133], [156, 157], [156, 167], [168, 169], [168, 170], [186, 187], [186, 189], [189, 190], [189, 191], [191, 192], [191, 204], [223, 225], [225, 226], [225, 234], [270, 271], [270, 296], [319, 321], [321, 322], [321, 324], [330, 333], [333, 335], [335, 340]], "missing_branches": [[65, 66], [94, 95], [123, 124], [223, 224], [319, 320], [330, 331], [333, 334], [335, 336], [380, 381], [380, 382], [382, 383], [382, 385]], "functions": {"_chunk_count": {"executed_lines": [40, 43], "summary": {"covered_lines": 2, "num_statements": 2, "percent_covered": 100.0, "percent_covered_display": "100", "missing_lines": 0, "excluded_lines": 0, "percent_statements_covered": 100.0, "percent_statements_covered_display": "100", "num_branches": 0, "num_partial_branches": 0, "covered_branches": 0, "missing_branches": 0, "percent_branches_covered": 100.0, "percent_branches_covered_display": "100"}, "missing_lines": [], "excluded_lines": [], "start_line": 39, "executed_branches": [], "missing_branches": []}, "_locked_task_and_document": {"executed_lines": [49, 52, 53, 54, 57], "summary": {"covered_lines": 5, "num_statements": 5, "percent_covered": 100.0, "percent_covered_display": "100", "missing_lines": 0, "excluded_lines": 0, "percent_statements_covered": 100.0, "percent_statements_covered_display": "100", "num_branches": 2, "num_partial_branches": 0, "covered_branches": 2, "missing_branches": 0, "percent_branches_covered": 100.0, "percent_branches_covered_display": "100"}, "missing_lines": [], "excluded_lines": [], "start_line": 46, "executed_branches": [[52, 53], [52, 54]], "missing_branches": []}, "_record_storage_failure": {"executed_lines": [63, 64, 65, 67, 68, 69, 70, 71, 72, 73, 74, 75, 85, 86], "summary": {"covered_lines": 14, "num_statements": 15, "percent_covered": 90.47619047619048, "percent_covered_display": "90", "missing_lines": 1, "excluded_lines": 0, "percent_statements_covered": 93.33333333333333, "percent_statements_covered_display": "93", "num_branches": 6, "num_partial_branches": 1, "covered_branches": 5, "missing_branches": 1, "percent_branches_covered": 83.33333333333333, "percent_branches_covered_display": "83"}, "missing_lines": [66], "excluded_lines": [], "start_line": 60, "executed_branches": [[65, 67], [67, 68], [67, 69], [73, 74], [73, 75]], "missing_branches": [[65, 66]]}, "_record_parse_failure": {"executed_lines": [92, 93, 94, 96, 97, 98, 99, 100, 101, 102, 103, 113, 114], "summary": {"covered_lines": 13, "num_statements": 14, "percent_covered": 88.88888888888889, "percent_covered_display": "89", "missing_lines": 1, "excluded_lines": 0, "percent_statements_covered": 92.85714285714286, "percent_statements_covered_display": "93", "num_branches": 4, "num_partial_branches": 1, "covered_branches": 3, "missing_branches": 1, "percent_branches_covered": 75.0, "percent_branches_covered_display": "75"}, "missing_lines": [95], "excluded_lines": [], "start_line": 89, "executed_branches": [[94, 96], [96, 97], [96, 98]], "missing_branches": [[94, 95]]}, "_record_processing_failure": {"executed_lines": [120, 121, 122, 123, 125, 126, 127, 128, 129, 130, 131, 132, 133, 143, 144], "summary": {"covered_lines": 15, "num_statements": 16, "percent_covered": 90.9090909090909, "percent_covered_display": "91", "missing_lines": 1, "excluded_lines": 0, "percent_statements_covered": 93.75, "percent_statements_covered_display": "94", "num_branches": 6, "num_partial_branches": 1, "covered_branches": 5, "missing_branches": 1, "percent_branches_covered": 83.33333333333333, "percent_branches_covered_display": "83"}, "missing_lines": [124], "excluded_lines": [], "start_line": 117, "executed_branches": [[123, 125], [125, 126], [125, 127], [131, 132], [131, 133]], "missing_branches": [[123, 124]]}, "_cancel_deleted_document": {"executed_lines": [150, 153, 154, 155, 156, 157, 167, 168, 169, 170], "summary": {"covered_lines": 10, "num_statements": 10, "percent_covered": 100.0, "percent_covered_display": "100", "missing_lines": 0, "excluded_lines": 0, "percent_statements_covered": 100.0, "percent_statements_covered_display": "100", "num_branches": 4, "num_partial_branches": 0, "covered_branches": 4, "missing_branches": 0, "percent_branches_covered": 100.0, "percent_branches_covered_display": "100"}, "missing_lines": [], "excluded_lines": [], "start_line": 147, "executed_branches": [[156, 157], [156, 167], [168, 169], [168, 170]], "missing_branches": []}, "process_document": {"executed_lines": [176, 177, 178, 179, 180, 181, 182, 184, 185, 186, 187, 188, 189, 190, 191, 192, 193, 200, 204, 205, 206, 207, 208, 209, 210, 211, 212, 213, 214, 216, 217, 218, 219, 220, 223, 225, 226, 227, 233, 234, 235, 237, 238, 246, 247, 248, 254, 256, 257, 264, 267, 268, 269, 270, 271, 272, 284, 296, 297, 298, 299, 305, 306, 307, 308, 309, 312, 319, 321, 322, 323, 324, 325, 327, 328, 329, 330, 333, 335, 340, 341, 342, 343, 350, 351, 352, 353, 354, 355, 356, 357, 367, 387, 388, 389, 396], "summary": {"covered_lines": 96, "num_statements": 113, "percent_covered": 81.29496402877697, "percent_covered_display": "81", "missing_lines": 17, "excluded_lines": 0, "percent_statements_covered": 84.95575221238938, "percent_statements_covered_display": "85", "num_branches": 26, "num_partial_branches": 5, "covered_branches": 17, "missing_branches": 9, "percent_branches_covered": 65.38461538461539, "percent_branches_covered_display": "65"}, "missing_lines": [224, 320, 331, 332, 334, 336, 368, 369, 370, 373, 380, 381, 382, 383, 384, 385, 386], "excluded_lines": [], "start_line": 173, "executed_branches": [[186, 187], [186, 189], [189, 190], [189, 191], [191, 192], [191, 204], [223, 225], [225, 226], [225, 234], [270, 271], [270, 296], [319, 321], [321, 322], [321, 324], [330, 333], [333, 335], [335, 340]], "missing_branches": [[223, 224], [319, 320], [330, 331], [333, 334], [335, 336], [380, 381], [380, 382], [382, 383], [382, 385]]}, "": {"executed_lines": [1, 2, 3, 4, 5, 7, 8, 9, 10, 11, 20, 21, 22, 23, 24, 25, 26, 27, 30, 31, 32, 33, 34, 35, 36, 39, 46, 60, 89, 117, 147, 173], "summary": {"covered_lines": 32, "num_statements": 32, "percent_covered": 100.0, "percent_covered_display": "100", "missing_lines": 0, "excluded_lines": 0, "percent_statements_covered": 100.0, "percent_statements_covered_display": "100", "num_branches": 0, "num_partial_branches": 0, "covered_branches": 0, "missing_branches": 0, "percent_branches_covered": 100.0, "percent_branches_covered_display": "100"}, "missing_lines": [], "excluded_lines": [], "start_line": 1, "executed_branches": [], "missing_branches": []}}, "classes": {"WorkerContext": {"executed_lines": [], "summary": {"covered_lines": 0, "num_statements": 0, "percent_covered": 100.0, "percent_covered_display": "100", "missing_lines": 0, "excluded_lines": 0, "percent_statements_covered": 100.0, "percent_statements_covered_display": "100", "num_branches": 0, "num_partial_branches": 0, "covered_branches": 0, "missing_branches": 0, "percent_branches_covered": 100.0, "percent_branches_covered_display": "100"}, "missing_lines": [], "excluded_lines": [], "start_line": 31, "executed_branches": [], "missing_branches": []}, "": {"executed_lines": [1, 2, 3, 4, 5, 7, 8, 9, 10, 11, 20, 21, 22, 23, 24, 25, 26, 27, 30, 31, 32, 33, 34, 35, 36, 39, 40, 43, 46, 49, 52, 53, 54, 57, 60, 63, 64, 65, 67, 68, 69, 70, 71, 72, 73, 74, 75, 85, 86, 89, 92, 93, 94, 96, 97, 98, 99, 100, 101, 102, 103, 113, 114, 117, 120, 121, 122, 123, 125, 126, 127, 128, 129, 130, 131, 132, 133, 143, 144, 147, 150, 153, 154, 155, 156, 157, 167, 168, 169, 170, 173, 176, 177, 178, 179, 180, 181, 182, 184, 185, 186, 187, 188, 189, 190, 191, 192, 193, 200, 204, 205, 206, 207, 208, 209, 210, 211, 212, 213, 214, 216, 217, 218, 219, 220, 223, 225, 226, 227, 233, 234, 235, 237, 238, 246, 247, 248, 254, 256, 257, 264, 267, 268, 269, 270, 271, 272, 284, 296, 297, 298, 299, 305, 306, 307, 308, 309, 312, 319, 321, 322, 323, 324, 325, 327, 328, 329, 330, 333, 335, 340, 341, 342, 343, 350, 351, 352, 353, 354, 355, 356, 357, 367, 387, 388, 389, 396], "summary": {"covered_lines": 187, "num_statements": 207, "percent_covered": 87.45098039215686, "percent_covered_display": "87", "missing_lines": 20, "excluded_lines": 0, "percent_statements_covered": 90.33816425120773, "percent_statements_covered_display": "90", "num_branches": 48, "num_partial_branches": 8, "covered_branches": 36, "missing_branches": 12, "percent_branches_covered": 75.0, "percent_branches_covered_display": "75"}, "missing_lines": [66, 95, 124, 224, 320, 331, 332, 334, 336, 368, 369, 370, 373, 380, 381, 382, 383, 384, 385, 386], "excluded_lines": [], "start_line": 1, "executed_branches": [[52, 53], [52, 54], [65, 67], [67, 68], [67, 69], [73, 74], [73, 75], [94, 96], [96, 97], [96, 98], [123, 125], [125, 126], [125, 127], [131, 132], [131, 133], [156, 157], [156, 167], [168, 169], [168, 170], [186, 187], [186, 189], [189, 190], [189, 191], [191, 192], [191, 204], [223, 225], [225, 226], [225, 234], [270, 271], [270, 296], [319, 321], [321, 322], [321, 324], [330, 333], [333, 335], [335, 340]], "missing_branches": [[65, 66], [94, 95], [123, 124], [223, 224], [319, 320], [330, 331], [333, 334], [335, 336], [380, 381], [380, 382], [382, 383], [382, 385]]}}}, "apps/worker/evidencedesk_worker/main.py": {"executed_lines": [], "summary": {"covered_lines": 0, "num_statements": 22, "percent_covered": 0.0, "percent_covered_display": "0", "missing_lines": 22, "excluded_lines": 0, "percent_statements_covered": 0.0, "percent_statements_covered_display": "0", "num_branches": 0, "num_partial_branches": 0, "covered_branches": 0, "missing_branches": 0, "percent_branches_covered": 100.0, "percent_branches_covered_display": "100"}, "missing_lines": [1, 3, 4, 5, 6, 7, 9, 12, 13, 14, 15, 20, 29, 30, 31, 34, 35, 36, 37, 38, 39, 40], "excluded_lines": [], "executed_branches": [], "missing_branches": [], "functions": {"startup": {"executed_lines": [], "summary": {"covered_lines": 0, "num_statements": 4, "percent_covered": 0.0, "percent_covered_display": "0", "missing_lines": 4, "excluded_lines": 0, "percent_statements_covered": 0.0, "percent_statements_covered_display": "0", "num_branches": 0, "num_partial_branches": 0, "covered_branches": 0, "missing_branches": 0, "percent_branches_covered": 100.0, "percent_branches_covered_display": "100"}, "missing_lines": [13, 14, 15, 20], "excluded_lines": [], "start_line": 12, "executed_branches": [], "missing_branches": []}, "shutdown": {"executed_lines": [], "summary": {"covered_lines": 0, "num_statements": 2, "percent_covered": 0.0, "percent_covered_display": "0", "missing_lines": 2, "excluded_lines": 0, "percent_statements_covered": 0.0, "percent_statements_covered_display": "0", "num_branches": 0, "num_partial_branches": 0, "covered_branches": 0, "missing_branches": 0, "percent_branches_covered": 100.0, "percent_branches_covered_display": "100"}, "missing_lines": [30, 31], "excluded_lines": [], "start_line": 29, "executed_branches": [], "missing_branches": []}, "": {"executed_lines": [], "summary": {"covered_lines": 0, "num_statements": 16, "percent_covered": 0.0, "percent_covered_display": "0", "missing_lines": 16, "excluded_lines": 0, "percent_statements_covered": 0.0, "percent_statements_covered_display": "0", "num_branches": 0, "num_partial_branches": 0, "covered_branches": 0, "missing_branches": 0, "percent_branches_covered": 100.0, "percent_branches_covered_display": "100"}, "missing_lines": [1, 3, 4, 5, 6, 7, 9, 12, 29, 34, 35, 36, 37, 38, 39, 40], "excluded_lines": [], "start_line": 1, "executed_branches": [], "missing_branches": []}}, "classes": {"WorkerSettings": {"executed_lines": [], "summary": {"covered_lines": 0, "num_statements": 0, "percent_covered": 100.0, "percent_covered_display": "100", "missing_lines": 0, "excluded_lines": 0, "percent_statements_covered": 100.0, "percent_statements_covered_display": "100", "num_branches": 0, "num_partial_branches": 0, "covered_branches": 0, "missing_branches": 0, "percent_branches_covered": 100.0, "percent_branches_covered_display": "100"}, "missing_lines": [], "excluded_lines": [], "start_line": 34, "executed_branches": [], "missing_branches": []}, "": {"executed_lines": [], "summary": {"covered_lines": 0, "num_statements": 22, "percent_covered": 0.0, "percent_covered_display": "0", "missing_lines": 22, "excluded_lines": 0, "percent_statements_covered": 0.0, "percent_statements_covered_display": "0", "num_branches": 0, "num_partial_branches": 0, "covered_branches": 0, "missing_branches": 0, "percent_branches_covered": 100.0, "percent_branches_covered_display": "100"}, "missing_lines": [1, 3, 4, 5, 6, 7, 9, 12, 13, 14, 15, 20, 29, 30, 31, 34, 35, 36, 37, 38, 39, 40], "excluded_lines": [], "start_line": 1, "executed_branches": [], "missing_branches": []}}}}, "totals": {"covered_lines": 1556, "num_statements": 1851, "percent_covered": 82.4773413897281, "percent_covered_display": "82", "missing_lines": 295, "excluded_lines": 37, "percent_statements_covered": 84.06266882766073, "percent_statements_covered_display": "84", "num_branches": 466, "num_partial_branches": 61, "covered_branches": 355, "missing_branches": 111, "percent_branches_covered": 76.18025751072962, "percent_branches_covered_display": "76"}}